2022-05-07 19:50:19 INFO     
        xfact_full ----
2022-05-07 19:50:19 INFO     
        InDomain
        mean -> 0.84737343917793
        std ->  0.18960818123571854
        all ->  [0.97088121 0.47241456 0.89169272 0.9352552  0.96662351]
    
2022-05-07 20:35:02 INFO     
        xfact_full ----
2022-05-07 20:35:02 INFO     
        InDomain
        mean -> 0.9714344405673202
        std ->  0.026179534409465993
        all ->  [0.97090795 0.98688008 0.92115546 0.98493943 0.99328928]
    
2022-05-07 21:08:50 INFO     
        xfact_full ----
2022-05-07 21:08:50 INFO     
        InDomain
        mean -> 0.9716689716006783
        std ->  0.026300353309052605
        all ->  [0.97090795 0.98688008 0.92115546 0.98618747 0.9932139 ]
    
2022-05-07 21:53:42 INFO     
        xfact_full ----
2022-05-07 21:53:42 INFO     
        InDomain
        mean -> 0.9659961055555699
        std ->  0.0374134614445437
        all ->  [0.97088121 0.98681098 0.89266698 0.98591946 0.9937019 ]
    
2022-05-07 22:44:34 INFO     
        xfact_full ----
2022-05-07 22:44:35 INFO     
        InDomain
        mean -> 0.9061469741179641
        std ->  0.14856907403078842
        all ->  [0.93592532 0.99313866 0.61246919 0.9918871  0.9973146 ]
    
2022-05-08 10:14:51 INFO     
        xfact_full ----
2022-05-08 10:14:51 INFO     
        InDomain
        mean -> 0.44487263754780093
        std ->  0.2869635486250563
        all ->  [0.96952966 0.11406041 0.36864798 0.47065341 0.30147173]
    
2022-05-08 11:08:41 INFO     
        xfact_full ----
2022-05-08 11:08:41 INFO     
        InDomain
        mean -> 0.42241028460800545
        std ->  0.2929267411852006
        all ->  [0.96946056 0.10643971 0.34768538 0.42208449 0.26638128]
    
2022-05-08 13:15:18 INFO     
        xfact_full ----
2022-05-08 13:15:18 INFO     
        InDomain
        mean -> 0.41577217955415147
        std ->  0.2947591462896652
        all ->  [0.96946056 0.10484251 0.34191978 0.40697562 0.25566243]
    
2022-05-08 13:33:35 INFO     
        xfact_full ----
2022-05-08 13:33:35 INFO     
        InDomain
        mean -> 0.4125700654752567
        std ->  0.2956523366839177
        all ->  [0.96946056 0.10433399 0.33902905 0.39976088 0.25026585]
    
