2022-05-19 10:57:37 INFO     
        yelp ----
2022-05-19 11:05:07 INFO     
        yelp ----
2022-05-19 11:16:30 INFO     
        yelp ----
2022-05-19 17:40:22 INFO     
        yelp ----
2022-05-20 07:01:24 INFO     
        yelp ----
2022-05-20 07:01:25 INFO     
        full
        mean -> 0.06921073776314055
        std ->  0.018638922643668638
        all ->  [0.06862606 0.08053685 0.08316819 0.03331775 0.08040483]
    
2022-05-20 07:01:25 INFO     
        InDomain
        mean -> 0.08167802893358889
        std ->  0.028831126505082277
        all ->  [0.03070393 0.11155474 0.10406565 0.09006492 0.07200091]
    
2022-05-20 07:01:25 INFO     
        ood1
        mean -> 0.09571814104589135
        std ->  0.03278575468567836
        all ->  [0.0385951  0.13168177 0.12132539 0.10222581 0.08476263]
    
2022-05-20 07:01:25 INFO     
        ood2
        mean -> 0.09783925791490941
        std ->  0.03458422565999049
        all ->  [0.037654   0.1354179  0.12501083 0.10548679 0.08562677]
    
2022-05-21 18:17:41 INFO     
        yelp ----
2022-05-21 18:17:42 INFO     
        full
        mean -> 0.06921073776314055
        std ->  0.018638922643668638
        all ->  [0.06862606 0.08053685 0.08316819 0.03331775 0.08040483]
    
2022-05-21 18:17:42 INFO     
        InDomain
        mean -> 0.08167802893358889
        std ->  0.028831126505082277
        all ->  [0.03070393 0.11155474 0.10406565 0.09006492 0.07200091]
    
2022-05-21 18:17:43 INFO     
        ood1
        mean -> 0.09571814104589135
        std ->  0.03278575468567836
        all ->  [0.0385951  0.13168177 0.12132539 0.10222581 0.08476263]
    
2022-05-21 18:17:43 INFO     
        ood2
        mean -> 0.09783925791490941
        std ->  0.03458422565999049
        all ->  [0.037654   0.1354179  0.12501083 0.10548679 0.08562677]
    
2022-05-23 08:13:39 INFO     
        yelp ----
2022-05-23 08:13:39 INFO     
        full
        mean -> 0.8180770140853436
        std ->  0.21327982014566593
        all ->  [0.94235793 0.78014705 0.99969997 0.95023389 0.41794623]
    
2022-05-23 08:13:40 INFO     
        InDomain
        mean -> 0.08167802893358889
        std ->  0.028831126505082277
        all ->  [0.03070393 0.11155474 0.10406565 0.09006492 0.07200091]
    
2022-05-23 08:13:40 INFO     
        ood1
        mean -> 0.09571814104589135
        std ->  0.03278575468567836
        all ->  [0.0385951  0.13168177 0.12132539 0.10222581 0.08476263]
    
2022-05-23 08:13:41 INFO     
        ood2
        mean -> 0.09783925791490941
        std ->  0.03458422565999049
        all ->  [0.037654   0.1354179  0.12501083 0.10548679 0.08562677]
    
2022-05-24 16:41:25 INFO     
        yelp ----
2022-05-24 16:41:26 INFO     
        full
        mean -> 0.8180770140853436
        std ->  0.21327982014566593
        all ->  [0.94235793 0.78014705 0.99969997 0.95023389 0.41794623]
    
2022-05-24 16:41:27 INFO     
        InDomain
        mean -> 0.08167802893358889
        std ->  0.028831126505082277
        all ->  [0.03070393 0.11155474 0.10406565 0.09006492 0.07200091]
    
2022-05-24 16:41:27 INFO     
        ood1
        mean -> 0.09571814104589135
        std ->  0.03278575468567836
        all ->  [0.0385951  0.13168177 0.12132539 0.10222581 0.08476263]
    
2022-05-24 16:41:27 INFO     
        ood2
        mean -> 0.09783925791490941
        std ->  0.03458422565999049
        all ->  [0.037654   0.1354179  0.12501083 0.10548679 0.08562677]
    
2022-05-24 16:52:06 INFO     
        yelp ----
2022-05-24 16:52:07 INFO     
        full
        mean -> 0.8180770140853436
        std ->  0.21327982014566593
        all ->  [0.94235793 0.78014705 0.99969997 0.95023389 0.41794623]
    
2022-05-24 16:52:07 INFO     
        InDomain
        mean -> 0.08167802893358889
        std ->  0.028831126505082277
        all ->  [0.03070393 0.11155474 0.10406565 0.09006492 0.07200091]
    
2022-05-24 16:52:08 INFO     
        ood1
        mean -> 0.09571814104589135
        std ->  0.03278575468567836
        all ->  [0.0385951  0.13168177 0.12132539 0.10222581 0.08476263]
    
2022-05-24 16:52:08 INFO     
        ood2
        mean -> 0.09783925791490941
        std ->  0.03458422565999049
        all ->  [0.037654   0.1354179  0.12501083 0.10548679 0.08562677]
    
2022-05-24 18:59:57 INFO     
        yelp ----
2022-05-24 18:59:57 INFO     
        full
        mean -> 0.945823617726516
        std ->  0.04896026766697416
        all ->  [0.98600882 0.86645125 0.91023711 0.98111707 0.98530384]
    
2022-05-24 19:50:46 INFO     
        yelp ----
2022-05-24 19:50:46 INFO     
        full
        mean -> 0.950404494436938
        std ->  0.04642209319927661
        all ->  [0.98600882 0.86645125 0.93314149 0.98111707 0.98530384]
    
2022-05-24 20:00:30 INFO     
        yelp ----
2022-05-24 20:00:30 INFO     
        full
        mean -> 0.9370613770247938
        std ->  0.05768752319142529
        all ->  [0.98600882 0.86645125 0.86642591 0.98111707 0.98530384]
    
2022-05-24 20:59:59 INFO     
        yelp ----
2022-05-24 20:59:59 INFO     
        full
        mean -> 0.9442963780366089
        std ->  0.0501511306450272
        all ->  [0.98600882 0.86645125 0.90260091 0.98111707 0.98530384]
    
2022-05-24 21:54:00 INFO     
        yelp ----
2022-05-24 21:54:00 INFO     
        full
        mean -> 0.943864702675542
        std ->  0.050433164047638784
        all ->  [0.98584184 0.86512831 0.90260091 0.98069433 0.98505813]
    
2022-05-24 22:35:17 INFO     
        yelp ----
2022-05-24 22:35:17 INFO     
        full
        mean -> 0.943864702675542
        std ->  0.050433164047638784
        all ->  [0.98584184 0.86512831 0.90260091 0.98069433 0.98505813]
    
2022-05-24 22:39:09 INFO     
        yelp ----
2022-05-24 22:39:09 INFO     
        full
        mean -> 0.943864702675542
        std ->  0.050433164047638784
        all ->  [0.98584184 0.86512831 0.90260091 0.98069433 0.98505813]
    
2022-05-24 22:40:45 INFO     
        yelp ----
2022-05-24 22:40:45 INFO     
        full
        mean -> 0.943864702675542
        std ->  0.050433164047638784
        all ->  [0.98584184 0.86512831 0.90260091 0.98069433 0.98505813]
    
2022-05-24 22:42:02 INFO     
        yelp ----
2022-05-24 22:42:02 INFO     
        full
        mean -> 0.943864702675542
        std ->  0.050433164047638784
        all ->  [0.98584184 0.86512831 0.90260091 0.98069433 0.98505813]
    
2022-05-24 22:42:48 INFO     
        yelp ----
2022-05-24 22:42:48 INFO     
        full
        mean -> 0.943864702675542
        std ->  0.050433164047638784
        all ->  [0.98584184 0.86512831 0.90260091 0.98069433 0.98505813]
    
2022-05-24 22:43:17 INFO     
        yelp ----
2022-05-24 22:43:17 INFO     
        full
        mean -> 0.943864702675542
        std ->  0.050433164047638784
        all ->  [0.98584184 0.86512831 0.90260091 0.98069433 0.98505813]
    
2022-05-25 20:56:27 INFO     
        yelp ----
2022-05-25 20:56:27 INFO     
        full
        mean -> 0.943864702675542
        std ->  0.050433164047638784
        all ->  [0.98584184 0.86512831 0.90260091 0.98069433 0.98505813]
    
