2022-04-30 07:17:34 INFO     Running on cuda : False
2022-04-30 07:17:34 INFO     config  : 
 ----------------------
2022-04-30 07:17:34 INFO     dataset : complain_full
2022-04-30 07:17:34 INFO     data_dir : /jmain02/home/J2AD003/txk58/zxz22-txk58/extract_rationales/extract_rationales/datasets/complain_full/data/
2022-04-30 07:17:34 INFO     model_dir : /jmain02/home/J2AD003/txk58/zxz22-txk58/extract_rationales/extract_rationales/ft_model/complain_full/
2022-04-30 07:17:34 INFO     seed : 5
2022-04-30 07:17:34 INFO     evaluate_models : False
2022-04-30 07:17:34 INFO     inherently_faithful : full_lstm
2022-04-30 07:17:34 INFO     use_tasc : False
2022-04-30 07:17:34 INFO     importance_metric : None
2022-04-30 07:17:34 INFO     rationale_length : 0.2
2022-04-30 07:17:34 INFO     batch_size : 16
2022-04-30 07:17:34 INFO     lr_bert : 1e-05
2022-04-30 07:17:34 INFO     lr_classifier : 5e-06
2022-04-30 07:17:34 INFO     model : bert-base-uncased
2022-04-30 07:17:34 INFO     ood_dataset_1 : complain_ood1
2022-04-30 07:17:34 INFO     ood_dataset_2 : complain_ood2
2022-04-30 07:17:34 INFO     epochs : 5
2022-04-30 07:17:34 INFO     model_abbreviation : full_lstm-bert
2022-04-30 07:17:34 INFO     evaluation_dir : None
2022-04-30 07:17:34 INFO     extracted_rationale_dir : None
2022-04-30 07:17:34 INFO     query : False
2022-04-30 07:17:34 INFO     stage_of_proj : train
2022-04-30 07:17:34 INFO     ood_rat_1 : 0.2
2022-04-30 07:17:34 INFO     ood_rat_2 : 0.2
2022-04-30 07:17:34 INFO     embed_model : glove.840B.300d
2022-04-30 07:17:34 INFO     
 ----------------------
2022-04-30 07:17:52 INFO     batch size 16
2022-04-30 07:17:52 INFO     1e-05
2022-04-30 07:17:55 INFO     ***************************************
2022-04-30 07:17:55 INFO     Training on seed 5
2022-04-30 07:17:55 INFO     *saving checkpoint every 45 iterations
