2022-05-15 09:15:28 INFO     Running on cuda : True
2022-05-15 09:15:28 INFO     config  : 
 ----------------------
2022-05-15 09:15:28 INFO     dataset : healthfact
2022-05-15 09:15:28 INFO     data_dir : /jmain02/home/J2AD003/txk58/zxz22-txk58/extract_rationales/extract_rationales/datasets/healthfact/data/
2022-05-15 09:15:28 INFO     model_dir : /jmain02/home/J2AD003/txk58/zxz22-txk58/extract_rationales/extract_rationales/models/healthfact/
2022-05-15 09:15:28 INFO     seed : 5
2022-05-15 09:15:28 INFO     evaluate_models : False
2022-05-15 09:15:28 INFO     inherently_faithful : None
2022-05-15 09:15:28 INFO     use_tasc : False
2022-05-15 09:15:28 INFO     importance_metric : None
2022-05-15 09:15:28 INFO     rationale_length : 0.2
2022-05-15 09:15:28 INFO     batch_size : 8
2022-05-15 09:15:28 INFO     lr_bert : 1e-05
2022-05-15 09:15:28 INFO     lr_classifier : 1e-05
2022-05-15 09:15:28 INFO     model : scibert_scivocab_uncased
2022-05-15 09:15:28 INFO     ood_dataset_1 : healthfact_ood1
2022-05-15 09:15:28 INFO     ood_dataset_2 : healthfact_ood2
2022-05-15 09:15:28 INFO     epochs : 10
2022-05-15 09:15:28 INFO     model_abbreviation : scibert
2022-05-15 09:15:28 INFO     evaluation_dir : None
2022-05-15 09:15:28 INFO     extracted_rationale_dir : None
2022-05-15 09:15:28 INFO     query : False
2022-05-15 09:15:28 INFO     stage_of_proj : train
2022-05-15 09:15:28 INFO     ood_rat_1 : 0.2
2022-05-15 09:15:28 INFO     ood_rat_2 : 0.2
2022-05-15 09:15:28 INFO     embed_model : None
2022-05-15 09:15:28 INFO     
 ----------------------
2022-05-15 09:16:45 INFO     2022-05-15_09:15
2022-05-15 09:16:45 INFO     Finetune BERT for: healthfact
2022-05-15 09:16:45 INFO     Finetune BERT for: healthfact
2022-05-15 09:17:25 INFO      \ ------------------  batch size: 8
2022-05-15 09:17:25 INFO      \ -------------------- learning rate: 0.0001
2022-05-15 09:17:49 INFO     ***************************************
2022-05-15 09:17:49 INFO     Training on seed 5
2022-05-15 09:17:49 INFO     *saving checkpoint every 246 iterations
2022-05-15 09:17:49 INFO     +++++++++++++ epochs:  10
2022-05-15 09:20:38 INFO     *** epoch - 1 | train loss - 9.79 | dev f1 - 0.139 | dev loss - 9.54
2022-05-15 09:23:22 INFO     *** epoch - 2 | train loss - 9.57 | dev f1 - 0.138 | dev loss - 9.49
2022-05-15 09:26:05 INFO     *** epoch - 3 | train loss - 9.51 | dev f1 - 0.138 | dev loss - 9.48
2022-05-15 09:28:47 INFO     *** epoch - 4 | train loss - 9.51 | dev f1 - 0.139 | dev loss - 9.56
2022-05-15 09:31:30 INFO     *** epoch - 5 | train loss - 9.48 | dev f1 - 0.138 | dev loss - 9.63
2022-05-15 09:34:13 INFO     *** epoch - 6 | train loss - 9.46 | dev f1 - 0.138 | dev loss - 9.45
2022-05-15 09:36:58 INFO     *** epoch - 7 | train loss - 9.46 | dev f1 - 0.139 | dev loss - 9.43
2022-05-15 09:39:40 INFO     *** epoch - 8 | train loss - 9.46 | dev f1 - 0.139 | dev loss - 9.43
2022-05-15 09:42:22 INFO     *** epoch - 9 | train loss - 9.44 | dev f1 - 0.138 | dev loss - 9.43
2022-05-15 09:45:04 INFO     *** epoch - 10 | train loss - 9.44 | dev f1 - 0.139 | dev loss - 9.43
2022-05-15 09:45:05 INFO      \ -------------------- learning rate: 0.0005
2022-05-15 09:45:07 INFO     ***************************************
2022-05-15 09:45:07 INFO     Training on seed 5
2022-05-15 09:45:07 INFO     *saving checkpoint every 246 iterations
2022-05-15 09:45:07 INFO     +++++++++++++ epochs:  10
2022-05-15 09:47:55 INFO     *** epoch - 1 | train loss - 10.36 | dev f1 - 0.139 | dev loss - 9.63
2022-05-15 09:50:38 INFO     *** epoch - 2 | train loss - 9.89 | dev f1 - 0.139 | dev loss - 9.52
2022-05-15 09:53:23 INFO     *** epoch - 3 | train loss - 9.82 | dev f1 - 0.138 | dev loss - 9.54
2022-05-15 09:56:05 INFO     *** epoch - 4 | train loss - 9.76 | dev f1 - 0.139 | dev loss - 9.72
2022-05-15 09:58:49 INFO     *** epoch - 5 | train loss - 9.66 | dev f1 - 0.138 | dev loss - 9.74
2022-05-15 10:01:32 INFO     *** epoch - 6 | train loss - 9.61 | dev f1 - 0.138 | dev loss - 9.57
2022-05-15 10:04:16 INFO     *** epoch - 7 | train loss - 9.59 | dev f1 - 0.139 | dev loss - 9.63
2022-05-15 10:06:59 INFO     *** epoch - 8 | train loss - 9.55 | dev f1 - 0.138 | dev loss - 9.79
2022-05-15 10:09:41 INFO     *** epoch - 9 | train loss - 9.49 | dev f1 - 0.138 | dev loss - 9.45
2022-05-15 10:12:24 INFO     *** epoch - 10 | train loss - 9.45 | dev f1 - 0.139 | dev loss - 9.43
2022-05-15 10:12:24 INFO      \ -------------------- learning rate: 1e-05
2022-05-15 10:12:26 INFO     ***************************************
2022-05-15 10:12:26 INFO     Training on seed 5
2022-05-15 10:12:26 INFO     *saving checkpoint every 246 iterations
2022-05-15 10:12:26 INFO     +++++++++++++ epochs:  10
2022-05-15 10:15:15 INFO     *** epoch - 1 | train loss - 8.03 | dev f1 - 0.421 | dev loss - 7.24
2022-05-15 10:18:00 INFO     *** epoch - 2 | train loss - 6.05 | dev f1 - 0.435 | dev loss - 7.73
2022-05-15 10:20:43 INFO     *** epoch - 3 | train loss - 4.24 | dev f1 - 0.485 | dev loss - 10.09
2022-05-15 10:23:27 INFO     *** epoch - 4 | train loss - 2.74 | dev f1 - 0.515 | dev loss - 12.31
2022-05-15 10:26:10 INFO     *** epoch - 5 | train loss - 1.73 | dev f1 - 0.512 | dev loss - 19.75
2022-05-15 10:28:54 INFO     *** epoch - 6 | train loss - 1.13 | dev f1 - 0.505 | dev loss - 24.6
2022-05-15 10:31:37 INFO     *** epoch - 7 | train loss - 0.79 | dev f1 - 0.52 | dev loss - 27.15
2022-05-15 10:34:22 INFO     *** epoch - 8 | train loss - 0.55 | dev f1 - 0.522 | dev loss - 29.39
2022-05-15 10:37:07 INFO     *** epoch - 9 | train loss - 0.33 | dev f1 - 0.513 | dev loss - 30.65
2022-05-15 10:39:52 INFO     *** epoch - 10 | train loss - 0.23 | dev f1 - 0.515 | dev loss - 31.59
2022-05-15 10:39:53 INFO      \ -------------------- learning rate: 2e-05
2022-05-15 10:39:56 INFO     ***************************************
2022-05-15 10:39:56 INFO     Training on seed 5
2022-05-15 10:39:56 INFO     *saving checkpoint every 246 iterations
2022-05-15 10:39:56 INFO     +++++++++++++ epochs:  10
2022-05-15 10:42:45 INFO     *** epoch - 1 | train loss - 8.23 | dev f1 - 0.409 | dev loss - 7.4
2022-05-15 10:45:29 INFO     *** epoch - 2 | train loss - 6.41 | dev f1 - 0.443 | dev loss - 7.91
2022-05-15 10:48:13 INFO     *** epoch - 3 | train loss - 4.4 | dev f1 - 0.448 | dev loss - 9.95
2022-05-15 10:50:56 INFO     *** epoch - 4 | train loss - 2.64 | dev f1 - 0.538 | dev loss - 12.54
2022-05-15 10:53:39 INFO     *** epoch - 5 | train loss - 1.94 | dev f1 - 0.518 | dev loss - 21.19
2022-05-15 10:56:23 INFO     *** epoch - 6 | train loss - 1.04 | dev f1 - 0.534 | dev loss - 26.45
2022-05-15 10:59:06 INFO     *** epoch - 7 | train loss - 0.69 | dev f1 - 0.531 | dev loss - 28.31
2022-05-15 11:01:49 INFO     *** epoch - 8 | train loss - 0.27 | dev f1 - 0.523 | dev loss - 30.99
2022-05-15 11:04:33 INFO     *** epoch - 9 | train loss - 0.18 | dev f1 - 0.528 | dev loss - 32.03
2022-05-15 11:07:16 INFO     *** epoch - 10 | train loss - 0.1 | dev f1 - 0.528 | dev loss - 32.11
2022-05-15 11:07:16 INFO      \ -------------------- learning rate: 3e-05
2022-05-15 11:07:18 INFO     ***************************************
2022-05-15 11:07:18 INFO     Training on seed 5
2022-05-15 11:07:18 INFO     *saving checkpoint every 246 iterations
2022-05-15 11:07:18 INFO     +++++++++++++ epochs:  10
2022-05-15 11:10:07 INFO     *** epoch - 1 | train loss - 8.58 | dev f1 - 0.391 | dev loss - 7.63
2022-05-15 11:12:52 INFO     *** epoch - 2 | train loss - 6.99 | dev f1 - 0.382 | dev loss - 7.84
2022-05-15 11:15:35 INFO     *** epoch - 3 | train loss - 5.18 | dev f1 - 0.469 | dev loss - 8.24
2022-05-15 11:18:18 INFO     *** epoch - 4 | train loss - 3.31 | dev f1 - 0.473 | dev loss - 10.99
2022-05-15 11:21:02 INFO     *** epoch - 5 | train loss - 2.28 | dev f1 - 0.478 | dev loss - 22.59
2022-05-15 11:23:45 INFO     *** epoch - 6 | train loss - 1.39 | dev f1 - 0.517 | dev loss - 26.79
2022-05-15 11:26:29 INFO     *** epoch - 7 | train loss - 0.65 | dev f1 - 0.486 | dev loss - 32.55
2022-05-15 11:29:12 INFO     *** epoch - 8 | train loss - 0.36 | dev f1 - 0.533 | dev loss - 32.38
2022-05-15 11:31:55 INFO     *** epoch - 9 | train loss - 0.16 | dev f1 - 0.505 | dev loss - 34.05
2022-05-15 11:34:45 INFO     *** epoch - 10 | train loss - 0.09 | dev f1 - 0.498 | dev loss - 34.15
2022-05-15 11:34:46 INFO      \ -------------------- learning rate: 4e-05
2022-05-15 11:34:48 INFO     ***************************************
2022-05-15 11:34:48 INFO     Training on seed 5
2022-05-15 11:34:48 INFO     *saving checkpoint every 246 iterations
2022-05-15 11:34:48 INFO     +++++++++++++ epochs:  10
2022-05-15 11:37:35 INFO     *** epoch - 1 | train loss - 9.73 | dev f1 - 0.139 | dev loss - 9.53
2022-05-15 11:40:19 INFO     *** epoch - 2 | train loss - 9.52 | dev f1 - 0.138 | dev loss - 9.46
2022-05-15 11:43:03 INFO     *** epoch - 3 | train loss - 9.48 | dev f1 - 0.139 | dev loss - 9.46
2022-05-15 11:45:47 INFO     *** epoch - 4 | train loss - 9.48 | dev f1 - 0.139 | dev loss - 9.48
2022-05-15 11:48:29 INFO     *** epoch - 5 | train loss - 9.47 | dev f1 - 0.138 | dev loss - 9.51
2022-05-15 11:51:13 INFO     *** epoch - 6 | train loss - 9.45 | dev f1 - 0.138 | dev loss - 9.45
2022-05-15 11:54:02 INFO     *** epoch - 7 | train loss - 9.45 | dev f1 - 0.139 | dev loss - 9.43
2022-05-15 11:56:45 INFO     *** epoch - 8 | train loss - 9.44 | dev f1 - 0.139 | dev loss - 9.43
2022-05-15 11:59:28 INFO     *** epoch - 9 | train loss - 9.44 | dev f1 - 0.138 | dev loss - 9.43
2022-05-15 12:02:10 INFO     *** epoch - 10 | train loss - 9.44 | dev f1 - 0.138 | dev loss - 9.43
2022-05-15 12:02:11 INFO      \ -------------------- learning rate: 5e-05
2022-05-15 12:02:13 INFO     ***************************************
2022-05-15 12:02:13 INFO     Training on seed 5
2022-05-15 12:02:13 INFO     *saving checkpoint every 246 iterations
2022-05-15 12:02:13 INFO     +++++++++++++ epochs:  10
2022-05-15 12:04:59 INFO     *** epoch - 1 | train loss - 9.59 | dev f1 - 0.139 | dev loss - 9.53
2022-05-15 12:07:41 INFO     *** epoch - 2 | train loss - 9.51 | dev f1 - 0.138 | dev loss - 9.44
2022-05-15 12:10:23 INFO     *** epoch - 3 | train loss - 9.47 | dev f1 - 0.139 | dev loss - 9.46
2022-05-15 12:13:05 INFO     *** epoch - 4 | train loss - 9.48 | dev f1 - 0.139 | dev loss - 9.48
2022-05-15 12:15:47 INFO     *** epoch - 5 | train loss - 9.46 | dev f1 - 0.138 | dev loss - 9.61
2022-05-15 12:18:29 INFO     *** epoch - 6 | train loss - 9.45 | dev f1 - 0.138 | dev loss - 9.45
2022-05-15 12:21:11 INFO     *** epoch - 7 | train loss - 9.45 | dev f1 - 0.139 | dev loss - 9.43
2022-05-15 12:23:53 INFO     *** epoch - 8 | train loss - 9.44 | dev f1 - 0.139 | dev loss - 9.43
2022-05-15 12:26:35 INFO     *** epoch - 9 | train loss - 9.44 | dev f1 - 0.138 | dev loss - 9.43
2022-05-15 12:29:17 INFO     *** epoch - 10 | train loss - 9.44 | dev f1 - 0.139 | dev loss - 9.43
2022-05-15 12:29:17 INFO      \ -------------------- learning rate: 1e-06
2022-05-15 12:29:19 INFO     ***************************************
2022-05-15 12:29:19 INFO     Training on seed 5
2022-05-15 12:29:19 INFO     *saving checkpoint every 246 iterations
2022-05-15 12:29:19 INFO     +++++++++++++ epochs:  10
2022-05-15 12:32:08 INFO     *** epoch - 1 | train loss - 8.58 | dev f1 - 0.397 | dev loss - 8.03
2022-05-15 12:34:54 INFO     *** epoch - 2 | train loss - 7.55 | dev f1 - 0.397 | dev loss - 7.84
2022-05-15 12:37:40 INFO     *** epoch - 3 | train loss - 7.16 | dev f1 - 0.401 | dev loss - 7.78
2022-05-15 12:40:23 INFO     *** epoch - 4 | train loss - 6.86 | dev f1 - 0.421 | dev loss - 7.72
2022-05-15 12:43:07 INFO     *** epoch - 5 | train loss - 6.74 | dev f1 - 0.432 | dev loss - 7.92
2022-05-15 12:45:51 INFO     *** epoch - 6 | train loss - 6.52 | dev f1 - 0.439 | dev loss - 7.94
2022-05-15 12:48:34 INFO     *** epoch - 7 | train loss - 6.45 | dev f1 - 0.442 | dev loss - 7.81
2022-05-15 12:51:18 INFO     *** epoch - 8 | train loss - 6.33 | dev f1 - 0.437 | dev loss - 7.93
2022-05-15 12:54:01 INFO     *** epoch - 9 | train loss - 6.26 | dev f1 - 0.438 | dev loss - 7.9
2022-05-15 12:56:45 INFO     *** epoch - 10 | train loss - 6.18 | dev f1 - 0.44 | dev loss - 7.94
2022-05-15 12:56:45 INFO      \ -------------------- learning rate: 5e-06
2022-05-15 12:56:47 INFO     ***************************************
2022-05-15 12:56:47 INFO     Training on seed 5
2022-05-15 12:56:47 INFO     *saving checkpoint every 246 iterations
2022-05-15 12:56:47 INFO     +++++++++++++ epochs:  10
2022-05-15 12:59:36 INFO     *** epoch - 1 | train loss - 8.06 | dev f1 - 0.434 | dev loss - 7.32
2022-05-15 13:02:27 INFO     *** epoch - 2 | train loss - 6.43 | dev f1 - 0.425 | dev loss - 7.72
2022-05-15 13:05:11 INFO     *** epoch - 3 | train loss - 5.22 | dev f1 - 0.459 | dev loss - 8.37
2022-05-15 13:07:54 INFO     *** epoch - 4 | train loss - 4.19 | dev f1 - 0.499 | dev loss - 8.91
2022-05-15 13:10:38 INFO     *** epoch - 5 | train loss - 3.31 | dev f1 - 0.52 | dev loss - 11.37
2022-05-15 13:13:21 INFO     *** epoch - 6 | train loss - 2.63 | dev f1 - 0.534 | dev loss - 12.72
2022-05-15 13:16:05 INFO     *** epoch - 7 | train loss - 2.09 | dev f1 - 0.493 | dev loss - 15.03
2022-05-15 13:18:48 INFO     *** epoch - 8 | train loss - 1.82 | dev f1 - 0.503 | dev loss - 16.08
2022-05-15 13:21:32 INFO     *** epoch - 9 | train loss - 1.47 | dev f1 - 0.509 | dev loss - 16.64
2022-05-15 13:24:15 INFO     *** epoch - 10 | train loss - 1.23 | dev f1 - 0.518 | dev loss - 17.1
2022-05-15 13:24:56 INFO      \ ------------------  batch size: 16
2022-05-15 13:24:56 INFO      \ -------------------- learning rate: 0.0001
2022-05-15 13:24:59 INFO     ***************************************
2022-05-15 13:24:59 INFO     Training on seed 5
2022-05-15 13:24:59 INFO     *saving checkpoint every 123 iterations
2022-05-15 13:24:59 INFO     +++++++++++++ epochs:  10
2022-05-15 13:27:40 INFO     *** epoch - 1 | train loss - 19.54 | dev f1 - 0.139 | dev loss - 18.9
2022-05-15 13:30:13 INFO     *** epoch - 2 | train loss - 19.05 | dev f1 - 0.138 | dev loss - 18.93
2022-05-15 13:32:45 INFO     *** epoch - 3 | train loss - 18.97 | dev f1 - 0.138 | dev loss - 19.05
2022-05-15 13:35:21 INFO     *** epoch - 4 | train loss - 18.98 | dev f1 - 0.139 | dev loss - 18.88
2022-05-15 13:37:53 INFO     *** epoch - 5 | train loss - 18.94 | dev f1 - 0.138 | dev loss - 19.0
2022-05-15 13:40:26 INFO     *** epoch - 6 | train loss - 18.93 | dev f1 - 0.138 | dev loss - 18.9
2022-05-15 13:42:59 INFO     *** epoch - 7 | train loss - 18.9 | dev f1 - 0.139 | dev loss - 18.93
2022-05-15 13:45:31 INFO     *** epoch - 8 | train loss - 18.9 | dev f1 - 0.139 | dev loss - 18.94
2022-05-15 13:48:02 INFO     *** epoch - 9 | train loss - 18.88 | dev f1 - 0.138 | dev loss - 18.86
2022-05-15 13:50:34 INFO     *** epoch - 10 | train loss - 18.86 | dev f1 - 0.138 | dev loss - 18.85
2022-05-15 13:50:34 INFO      \ -------------------- learning rate: 0.0005
2022-05-15 13:50:36 INFO     ***************************************
2022-05-15 13:50:36 INFO     Training on seed 5
2022-05-15 13:50:36 INFO     *saving checkpoint every 123 iterations
2022-05-15 13:50:36 INFO     +++++++++++++ epochs:  10
2022-05-15 13:53:12 INFO     *** epoch - 1 | train loss - 20.55 | dev f1 - 0.139 | dev loss - 18.94
2022-05-15 13:55:45 INFO     *** epoch - 2 | train loss - 19.95 | dev f1 - 0.138 | dev loss - 19.44
2022-05-15 13:58:16 INFO     *** epoch - 3 | train loss - 19.38 | dev f1 - 0.138 | dev loss - 19.12
2022-05-15 14:00:48 INFO     *** epoch - 4 | train loss - 19.36 | dev f1 - 0.139 | dev loss - 19.16
2022-05-15 14:03:19 INFO     *** epoch - 5 | train loss - 19.12 | dev f1 - 0.138 | dev loss - 20.53
2022-05-15 14:05:51 INFO     *** epoch - 6 | train loss - 19.07 | dev f1 - 0.138 | dev loss - 19.03
2022-05-15 14:08:25 INFO     *** epoch - 7 | train loss - 19.05 | dev f1 - 0.139 | dev loss - 19.07
2022-05-15 14:10:57 INFO     *** epoch - 8 | train loss - 19.0 | dev f1 - 0.138 | dev loss - 19.32
2022-05-15 14:13:28 INFO     *** epoch - 9 | train loss - 18.96 | dev f1 - 0.139 | dev loss - 18.92
2022-05-15 14:16:01 INFO     *** epoch - 10 | train loss - 18.9 | dev f1 - 0.139 | dev loss - 18.85
2022-05-15 14:16:01 INFO      \ -------------------- learning rate: 1e-05
2022-05-15 14:16:03 INFO     ***************************************
2022-05-15 14:16:03 INFO     Training on seed 5
2022-05-15 14:16:03 INFO     *saving checkpoint every 123 iterations
2022-05-15 14:16:03 INFO     +++++++++++++ epochs:  10
2022-05-15 14:18:41 INFO     *** epoch - 1 | train loss - 16.1 | dev f1 - 0.456 | dev loss - 14.05
2022-05-15 14:21:15 INFO     *** epoch - 2 | train loss - 11.93 | dev f1 - 0.441 | dev loss - 14.69
2022-05-15 14:23:48 INFO     *** epoch - 3 | train loss - 8.43 | dev f1 - 0.501 | dev loss - 17.38
2022-05-15 14:26:21 INFO     *** epoch - 4 | train loss - 5.59 | dev f1 - 0.528 | dev loss - 20.58
2022-05-15 14:28:53 INFO     *** epoch - 5 | train loss - 3.45 | dev f1 - 0.499 | dev loss - 27.75
2022-05-15 14:31:32 INFO     *** epoch - 6 | train loss - 2.2 | dev f1 - 0.498 | dev loss - 36.48
2022-05-15 14:34:08 INFO     *** epoch - 7 | train loss - 1.4 | dev f1 - 0.494 | dev loss - 41.88
2022-05-15 14:36:41 INFO     *** epoch - 8 | train loss - 0.88 | dev f1 - 0.504 | dev loss - 45.92
2022-05-15 14:39:13 INFO     *** epoch - 9 | train loss - 0.66 | dev f1 - 0.507 | dev loss - 49.24
2022-05-15 14:41:46 INFO     *** epoch - 10 | train loss - 0.51 | dev f1 - 0.51 | dev loss - 50.18
2022-05-15 14:41:48 INFO      \ -------------------- learning rate: 2e-05
2022-05-15 14:41:50 INFO     ***************************************
2022-05-15 14:41:50 INFO     Training on seed 5
2022-05-15 14:41:50 INFO     *saving checkpoint every 123 iterations
2022-05-15 14:41:50 INFO     +++++++++++++ epochs:  10
2022-05-15 14:44:30 INFO     *** epoch - 1 | train loss - 16.55 | dev f1 - 0.441 | dev loss - 14.46
2022-05-15 14:47:02 INFO     *** epoch - 2 | train loss - 12.49 | dev f1 - 0.464 | dev loss - 15.29
2022-05-15 14:49:35 INFO     *** epoch - 3 | train loss - 8.4 | dev f1 - 0.462 | dev loss - 19.38
2022-05-15 14:52:08 INFO     *** epoch - 4 | train loss - 4.72 | dev f1 - 0.512 | dev loss - 24.56
2022-05-15 14:54:41 INFO     *** epoch - 5 | train loss - 2.56 | dev f1 - 0.495 | dev loss - 38.74
2022-05-15 14:57:14 INFO     *** epoch - 6 | train loss - 1.44 | dev f1 - 0.483 | dev loss - 50.44
2022-05-15 14:59:47 INFO     *** epoch - 7 | train loss - 0.82 | dev f1 - 0.478 | dev loss - 54.94
2022-05-15 15:02:20 INFO     *** epoch - 8 | train loss - 0.38 | dev f1 - 0.49 | dev loss - 59.09
2022-05-15 15:04:53 INFO     *** epoch - 9 | train loss - 0.22 | dev f1 - 0.495 | dev loss - 63.09
2022-05-15 15:07:26 INFO     *** epoch - 10 | train loss - 0.12 | dev f1 - 0.504 | dev loss - 63.17
2022-05-15 15:07:27 INFO      \ -------------------- learning rate: 3e-05
2022-05-15 15:07:29 INFO     ***************************************
2022-05-15 15:07:29 INFO     Training on seed 5
2022-05-15 15:07:29 INFO     *saving checkpoint every 123 iterations
2022-05-15 15:07:29 INFO     +++++++++++++ epochs:  10
2022-05-15 15:10:07 INFO     *** epoch - 1 | train loss - 16.76 | dev f1 - 0.407 | dev loss - 14.82
2022-05-15 15:12:42 INFO     *** epoch - 2 | train loss - 12.76 | dev f1 - 0.377 | dev loss - 16.81
2022-05-15 15:15:15 INFO     *** epoch - 3 | train loss - 8.71 | dev f1 - 0.464 | dev loss - 20.09
2022-05-15 15:17:48 INFO     *** epoch - 4 | train loss - 5.35 | dev f1 - 0.492 | dev loss - 22.35
2022-05-15 15:20:21 INFO     *** epoch - 5 | train loss - 2.87 | dev f1 - 0.491 | dev loss - 38.96
2022-05-15 15:22:54 INFO     *** epoch - 6 | train loss - 1.84 | dev f1 - 0.486 | dev loss - 49.84
2022-05-15 15:25:27 INFO     *** epoch - 7 | train loss - 0.93 | dev f1 - 0.498 | dev loss - 57.82
2022-05-15 15:28:00 INFO     *** epoch - 8 | train loss - 0.66 | dev f1 - 0.491 | dev loss - 62.24
2022-05-15 15:30:33 INFO     *** epoch - 9 | train loss - 0.36 | dev f1 - 0.504 | dev loss - 64.88
2022-05-15 15:33:06 INFO     *** epoch - 10 | train loss - 0.21 | dev f1 - 0.501 | dev loss - 66.16
2022-05-15 15:33:07 INFO      \ -------------------- learning rate: 4e-05
2022-05-15 15:33:09 INFO     ***************************************
2022-05-15 15:33:09 INFO     Training on seed 5
2022-05-15 15:33:09 INFO     *saving checkpoint every 123 iterations
2022-05-15 15:33:09 INFO     +++++++++++++ epochs:  10
2022-05-15 15:35:46 INFO     *** epoch - 1 | train loss - 17.66 | dev f1 - 0.337 | dev loss - 16.12
2022-05-15 15:38:21 INFO     *** epoch - 2 | train loss - 13.97 | dev f1 - 0.36 | dev loss - 16.44
2022-05-15 15:40:54 INFO     *** epoch - 3 | train loss - 10.3 | dev f1 - 0.484 | dev loss - 18.82
2022-05-15 15:43:27 INFO     *** epoch - 4 | train loss - 6.69 | dev f1 - 0.495 | dev loss - 21.48
2022-05-15 15:46:00 INFO     *** epoch - 5 | train loss - 3.71 | dev f1 - 0.493 | dev loss - 36.08
2022-05-15 15:48:45 INFO     *** epoch - 6 | train loss - 2.48 | dev f1 - 0.468 | dev loss - 47.65
2022-05-15 15:51:18 INFO     *** epoch - 7 | train loss - 1.46 | dev f1 - 0.5 | dev loss - 55.0
2022-05-15 15:53:52 INFO     *** epoch - 8 | train loss - 0.8 | dev f1 - 0.494 | dev loss - 61.28
2022-05-15 15:56:25 INFO     *** epoch - 9 | train loss - 0.29 | dev f1 - 0.493 | dev loss - 63.49
2022-05-15 15:58:58 INFO     *** epoch - 10 | train loss - 0.21 | dev f1 - 0.499 | dev loss - 64.66
2022-05-15 15:58:58 INFO      \ -------------------- learning rate: 5e-05
2022-05-15 15:59:01 INFO     ***************************************
2022-05-15 15:59:01 INFO     Training on seed 5
2022-05-15 15:59:01 INFO     *saving checkpoint every 123 iterations
2022-05-15 15:59:01 INFO     +++++++++++++ epochs:  10
2022-05-15 16:01:37 INFO     *** epoch - 1 | train loss - 19.16 | dev f1 - 0.139 | dev loss - 18.82
2022-05-15 16:04:10 INFO     *** epoch - 2 | train loss - 18.27 | dev f1 - 0.301 | dev loss - 17.68
2022-05-15 16:06:44 INFO     *** epoch - 3 | train loss - 17.8 | dev f1 - 0.286 | dev loss - 18.25
2022-05-15 16:09:15 INFO     *** epoch - 4 | train loss - 18.31 | dev f1 - 0.154 | dev loss - 18.83
2022-05-15 16:11:47 INFO     *** epoch - 5 | train loss - 18.63 | dev f1 - 0.139 | dev loss - 19.12
2022-05-15 16:14:19 INFO     *** epoch - 6 | train loss - 18.11 | dev f1 - 0.294 | dev loss - 18.12
2022-05-15 16:16:51 INFO     *** epoch - 7 | train loss - 17.85 | dev f1 - 0.293 | dev loss - 18.09
2022-05-15 16:19:24 INFO     *** epoch - 8 | train loss - 17.42 | dev f1 - 0.293 | dev loss - 17.74
2022-05-15 16:21:57 INFO     *** epoch - 9 | train loss - 17.06 | dev f1 - 0.297 | dev loss - 17.73
2022-05-15 16:24:29 INFO     *** epoch - 10 | train loss - 16.96 | dev f1 - 0.296 | dev loss - 17.83
2022-05-15 16:24:30 INFO      \ -------------------- learning rate: 1e-06
2022-05-15 16:24:32 INFO     ***************************************
2022-05-15 16:24:32 INFO     Training on seed 5
2022-05-15 16:24:32 INFO     *saving checkpoint every 123 iterations
2022-05-15 16:24:32 INFO     +++++++++++++ epochs:  10
2022-05-15 16:27:10 INFO     *** epoch - 1 | train loss - 17.41 | dev f1 - 0.363 | dev loss - 16.22
2022-05-15 16:29:47 INFO     *** epoch - 2 | train loss - 15.33 | dev f1 - 0.395 | dev loss - 15.86
2022-05-15 16:32:23 INFO     *** epoch - 3 | train loss - 14.61 | dev f1 - 0.407 | dev loss - 15.63
2022-05-15 16:34:58 INFO     *** epoch - 4 | train loss - 14.09 | dev f1 - 0.402 | dev loss - 15.5
2022-05-15 16:37:33 INFO     *** epoch - 5 | train loss - 13.78 | dev f1 - 0.438 | dev loss - 15.59
2022-05-15 16:40:06 INFO     *** epoch - 6 | train loss - 13.52 | dev f1 - 0.44 | dev loss - 15.46
2022-05-15 16:42:41 INFO     *** epoch - 7 | train loss - 13.3 | dev f1 - 0.446 | dev loss - 15.44
2022-05-15 16:45:16 INFO     *** epoch - 8 | train loss - 13.2 | dev f1 - 0.445 | dev loss - 15.45
2022-05-15 16:47:50 INFO     *** epoch - 9 | train loss - 13.09 | dev f1 - 0.448 | dev loss - 15.46
2022-05-15 16:50:23 INFO     *** epoch - 10 | train loss - 13.02 | dev f1 - 0.454 | dev loss - 15.55
2022-05-15 16:50:24 INFO      \ -------------------- learning rate: 5e-06
2022-05-15 16:50:26 INFO     ***************************************
2022-05-15 16:50:26 INFO     Training on seed 5
2022-05-15 16:50:26 INFO     *saving checkpoint every 123 iterations
2022-05-15 16:50:26 INFO     +++++++++++++ epochs:  10
2022-05-15 16:53:05 INFO     *** epoch - 1 | train loss - 16.33 | dev f1 - 0.439 | dev loss - 14.78
2022-05-15 16:55:39 INFO     *** epoch - 2 | train loss - 13.14 | dev f1 - 0.46 | dev loss - 15.05
2022-05-15 16:58:12 INFO     *** epoch - 3 | train loss - 10.95 | dev f1 - 0.453 | dev loss - 15.83
2022-05-15 17:00:46 INFO     *** epoch - 4 | train loss - 9.01 | dev f1 - 0.466 | dev loss - 16.92
2022-05-15 17:03:19 INFO     *** epoch - 5 | train loss - 7.29 | dev f1 - 0.487 | dev loss - 19.75
2022-05-15 17:05:53 INFO     *** epoch - 6 | train loss - 6.07 | dev f1 - 0.468 | dev loss - 21.77
2022-05-15 17:08:25 INFO     *** epoch - 7 | train loss - 5.05 | dev f1 - 0.485 | dev loss - 23.09
2022-05-15 17:10:57 INFO     *** epoch - 8 | train loss - 4.32 | dev f1 - 0.49 | dev loss - 24.21
2022-05-15 17:13:29 INFO     *** epoch - 9 | train loss - 3.83 | dev f1 - 0.493 | dev loss - 25.08
2022-05-15 17:16:02 INFO     *** epoch - 10 | train loss - 3.51 | dev f1 - 0.492 | dev loss - 25.51
2022-05-15 17:16:42 INFO      \ ------------------  batch size: 32
2022-05-15 17:16:42 INFO      \ -------------------- learning rate: 0.0001
2022-05-15 17:16:44 INFO     ***************************************
2022-05-15 17:16:44 INFO     Training on seed 5
2022-05-15 17:16:44 INFO     *saving checkpoint every 62 iterations
2022-05-15 17:16:44 INFO     +++++++++++++ epochs:  10
2022-05-15 17:19:05 INFO     *** epoch - 1 | train loss - 39.33 | dev f1 - 0.138 | dev loss - 38.02
2022-05-15 17:21:22 INFO     *** epoch - 2 | train loss - 37.91 | dev f1 - 0.138 | dev loss - 37.83
2022-05-15 17:23:39 INFO     *** epoch - 3 | train loss - 38.02 | dev f1 - 0.138 | dev loss - 38.02
2022-05-15 17:25:55 INFO     *** epoch - 4 | train loss - 37.84 | dev f1 - 0.139 | dev loss - 37.87
2022-05-15 17:28:11 INFO     *** epoch - 5 | train loss - 37.85 | dev f1 - 0.138 | dev loss - 37.75
2022-05-15 17:30:29 INFO     *** epoch - 6 | train loss - 37.8 | dev f1 - 0.138 | dev loss - 37.78
2022-05-15 17:32:47 INFO     *** epoch - 7 | train loss - 37.77 | dev f1 - 0.138 | dev loss - 37.85
2022-05-15 17:35:03 INFO     *** epoch - 8 | train loss - 37.76 | dev f1 - 0.139 | dev loss - 37.75
2022-05-15 17:37:21 INFO     *** epoch - 9 | train loss - 37.72 | dev f1 - 0.138 | dev loss - 37.82
2022-05-15 17:39:38 INFO     *** epoch - 10 | train loss - 37.72 | dev f1 - 0.138 | dev loss - 37.75
2022-05-15 17:39:38 INFO      \ -------------------- learning rate: 0.0005
2022-05-15 17:39:40 INFO     ***************************************
2022-05-15 17:39:40 INFO     Training on seed 5
2022-05-15 17:39:40 INFO     *saving checkpoint every 62 iterations
2022-05-15 17:39:40 INFO     +++++++++++++ epochs:  10
2022-05-15 17:42:00 INFO     *** epoch - 1 | train loss - 42.2 | dev f1 - 0.083 | dev loss - 42.24
2022-05-15 17:44:17 INFO     *** epoch - 2 | train loss - 39.13 | dev f1 - 0.138 | dev loss - 40.32
2022-05-15 17:46:33 INFO     *** epoch - 3 | train loss - 38.81 | dev f1 - 0.139 | dev loss - 39.62
2022-05-15 17:48:51 INFO     *** epoch - 4 | train loss - 38.24 | dev f1 - 0.138 | dev loss - 38.02
2022-05-15 17:51:07 INFO     *** epoch - 5 | train loss - 38.25 | dev f1 - 0.139 | dev loss - 38.1
2022-05-15 17:53:23 INFO     *** epoch - 6 | train loss - 38.19 | dev f1 - 0.139 | dev loss - 39.0
2022-05-15 17:55:44 INFO     *** epoch - 7 | train loss - 38.27 | dev f1 - 0.139 | dev loss - 37.81
2022-05-15 17:58:04 INFO     *** epoch - 8 | train loss - 37.98 | dev f1 - 0.139 | dev loss - 37.86
2022-05-15 18:00:21 INFO     *** epoch - 9 | train loss - 37.87 | dev f1 - 0.138 | dev loss - 38.07
2022-05-15 18:02:40 INFO     *** epoch - 10 | train loss - 37.79 | dev f1 - 0.139 | dev loss - 37.75
2022-05-15 18:02:41 INFO      \ -------------------- learning rate: 1e-05
2022-05-15 18:02:44 INFO     ***************************************
2022-05-15 18:02:44 INFO     Training on seed 5
2022-05-15 18:02:44 INFO     *saving checkpoint every 62 iterations
2022-05-15 18:02:44 INFO     +++++++++++++ epochs:  10
2022-05-15 18:05:05 INFO     *** epoch - 1 | train loss - 32.96 | dev f1 - 0.42 | dev loss - 29.11
2022-05-15 18:07:24 INFO     *** epoch - 2 | train loss - 25.11 | dev f1 - 0.511 | dev loss - 29.49
2022-05-15 18:09:41 INFO     *** epoch - 3 | train loss - 18.5 | dev f1 - 0.472 | dev loss - 34.47
2022-05-15 18:11:58 INFO     *** epoch - 4 | train loss - 12.72 | dev f1 - 0.472 | dev loss - 41.26
2022-05-15 18:14:15 INFO     *** epoch - 5 | train loss - 8.24 | dev f1 - 0.494 | dev loss - 49.27
2022-05-15 18:16:32 INFO     *** epoch - 6 | train loss - 5.6 | dev f1 - 0.499 | dev loss - 59.62
2022-05-15 18:18:50 INFO     *** epoch - 7 | train loss - 3.76 | dev f1 - 0.497 | dev loss - 66.66
2022-05-15 18:21:07 INFO     *** epoch - 8 | train loss - 2.75 | dev f1 - 0.5 | dev loss - 70.5
2022-05-15 18:23:24 INFO     *** epoch - 9 | train loss - 2.23 | dev f1 - 0.499 | dev loss - 75.37
2022-05-15 18:25:41 INFO     *** epoch - 10 | train loss - 1.82 | dev f1 - 0.501 | dev loss - 76.78
2022-05-15 18:25:41 INFO      \ -------------------- learning rate: 2e-05
2022-05-15 18:25:44 INFO     ***************************************
2022-05-15 18:25:44 INFO     Training on seed 5
2022-05-15 18:25:44 INFO     *saving checkpoint every 62 iterations
2022-05-15 18:25:44 INFO     +++++++++++++ epochs:  10
2022-05-15 18:28:04 INFO     *** epoch - 1 | train loss - 33.06 | dev f1 - 0.397 | dev loss - 28.68
2022-05-15 18:30:23 INFO     *** epoch - 2 | train loss - 25.57 | dev f1 - 0.504 | dev loss - 29.53
2022-05-15 18:32:40 INFO     *** epoch - 3 | train loss - 17.69 | dev f1 - 0.479 | dev loss - 34.47
2022-05-15 18:34:58 INFO     *** epoch - 4 | train loss - 10.08 | dev f1 - 0.478 | dev loss - 46.07
2022-05-15 18:37:15 INFO     *** epoch - 5 | train loss - 4.95 | dev f1 - 0.517 | dev loss - 61.31
2022-05-15 18:39:32 INFO     *** epoch - 6 | train loss - 2.46 | dev f1 - 0.518 | dev loss - 79.57
2022-05-15 18:41:49 INFO     *** epoch - 7 | train loss - 1.45 | dev f1 - 0.506 | dev loss - 88.93
2022-05-15 18:44:06 INFO     *** epoch - 8 | train loss - 0.92 | dev f1 - 0.512 | dev loss - 97.63
2022-05-15 18:46:23 INFO     *** epoch - 9 | train loss - 0.48 | dev f1 - 0.515 | dev loss - 105.74
2022-05-15 18:48:40 INFO     *** epoch - 10 | train loss - 0.19 | dev f1 - 0.505 | dev loss - 107.03
2022-05-15 18:48:41 INFO      \ -------------------- learning rate: 3e-05
2022-05-15 18:48:43 INFO     ***************************************
2022-05-15 18:48:43 INFO     Training on seed 5
2022-05-15 18:48:43 INFO     *saving checkpoint every 62 iterations
2022-05-15 18:48:43 INFO     +++++++++++++ epochs:  10
2022-05-15 18:51:03 INFO     *** epoch - 1 | train loss - 33.84 | dev f1 - 0.394 | dev loss - 29.8
2022-05-15 18:53:24 INFO     *** epoch - 2 | train loss - 26.28 | dev f1 - 0.466 | dev loss - 29.81
2022-05-15 18:55:42 INFO     *** epoch - 3 | train loss - 18.07 | dev f1 - 0.483 | dev loss - 36.98
2022-05-15 18:57:59 INFO     *** epoch - 4 | train loss - 10.47 | dev f1 - 0.496 | dev loss - 49.78
2022-05-15 19:00:16 INFO     *** epoch - 5 | train loss - 5.45 | dev f1 - 0.474 | dev loss - 63.85
2022-05-15 19:02:34 INFO     *** epoch - 6 | train loss - 3.24 | dev f1 - 0.484 | dev loss - 87.03
2022-05-15 19:04:51 INFO     *** epoch - 7 | train loss - 1.4 | dev f1 - 0.485 | dev loss - 108.96
2022-05-15 19:07:08 INFO     *** epoch - 8 | train loss - 0.87 | dev f1 - 0.472 | dev loss - 114.93
2022-05-15 19:09:25 INFO     *** epoch - 9 | train loss - 0.39 | dev f1 - 0.481 | dev loss - 119.14
2022-05-15 19:11:42 INFO     *** epoch - 10 | train loss - 0.18 | dev f1 - 0.483 | dev loss - 121.49
2022-05-15 19:11:44 INFO      \ -------------------- learning rate: 4e-05
2022-05-15 19:11:46 INFO     ***************************************
2022-05-15 19:11:46 INFO     Training on seed 5
2022-05-15 19:11:46 INFO     *saving checkpoint every 62 iterations
2022-05-15 19:11:46 INFO     +++++++++++++ epochs:  10
2022-05-15 19:14:08 INFO     *** epoch - 1 | train loss - 34.38 | dev f1 - 0.374 | dev loss - 30.49
2022-05-15 19:16:27 INFO     *** epoch - 2 | train loss - 27.65 | dev f1 - 0.416 | dev loss - 29.65
2022-05-15 19:18:44 INFO     *** epoch - 3 | train loss - 20.32 | dev f1 - 0.487 | dev loss - 32.37
2022-05-15 19:21:02 INFO     *** epoch - 4 | train loss - 13.47 | dev f1 - 0.502 | dev loss - 42.22
2022-05-15 19:23:19 INFO     *** epoch - 5 | train loss - 8.03 | dev f1 - 0.507 | dev loss - 55.68
2022-05-15 19:25:36 INFO     *** epoch - 6 | train loss - 4.77 | dev f1 - 0.493 | dev loss - 70.04
2022-05-15 19:27:53 INFO     *** epoch - 7 | train loss - 3.07 | dev f1 - 0.509 | dev loss - 83.73
2022-05-15 19:30:10 INFO     *** epoch - 8 | train loss - 1.36 | dev f1 - 0.507 | dev loss - 114.78
2022-05-15 19:32:28 INFO     *** epoch - 9 | train loss - 0.9 | dev f1 - 0.507 | dev loss - 117.8
2022-05-15 19:34:45 INFO     *** epoch - 10 | train loss - 0.49 | dev f1 - 0.507 | dev loss - 121.8
2022-05-15 19:34:45 INFO      \ -------------------- learning rate: 5e-05
2022-05-15 19:34:47 INFO     ***************************************
2022-05-15 19:34:47 INFO     Training on seed 5
2022-05-15 19:34:47 INFO     *saving checkpoint every 62 iterations
2022-05-15 19:34:47 INFO     +++++++++++++ epochs:  10
2022-05-15 19:37:07 INFO     *** epoch - 1 | train loss - 37.09 | dev f1 - 0.285 | dev loss - 35.26
2022-05-15 19:39:26 INFO     *** epoch - 2 | train loss - 32.77 | dev f1 - 0.307 | dev loss - 33.42
2022-05-15 19:41:44 INFO     *** epoch - 3 | train loss - 28.64 | dev f1 - 0.367 | dev loss - 35.05
2022-05-15 19:44:01 INFO     *** epoch - 4 | train loss - 24.27 | dev f1 - 0.38 | dev loss - 35.93
2022-05-15 19:46:18 INFO     *** epoch - 5 | train loss - 19.83 | dev f1 - 0.384 | dev loss - 40.25
2022-05-15 19:48:35 INFO     *** epoch - 6 | train loss - 15.32 | dev f1 - 0.391 | dev loss - 47.96
2022-05-15 19:50:53 INFO     *** epoch - 7 | train loss - 11.57 | dev f1 - 0.38 | dev loss - 54.25
2022-05-15 19:53:10 INFO     *** epoch - 8 | train loss - 9.12 | dev f1 - 0.378 | dev loss - 66.18
2022-05-15 19:55:27 INFO     *** epoch - 9 | train loss - 7.35 | dev f1 - 0.374 | dev loss - 71.63
2022-05-15 19:57:43 INFO     *** epoch - 10 | train loss - 5.92 | dev f1 - 0.379 | dev loss - 74.27
2022-05-15 19:57:46 INFO      \ -------------------- learning rate: 1e-06
2022-05-15 19:57:47 INFO     ***************************************
2022-05-15 19:57:47 INFO     Training on seed 5
2022-05-15 19:57:47 INFO     *saving checkpoint every 62 iterations
2022-05-15 19:57:47 INFO     +++++++++++++ epochs:  10
2022-05-15 20:00:08 INFO     *** epoch - 1 | train loss - 35.43 | dev f1 - 0.362 | dev loss - 32.92
2022-05-15 20:02:29 INFO     *** epoch - 2 | train loss - 30.83 | dev f1 - 0.384 | dev loss - 31.94
2022-05-15 20:04:49 INFO     *** epoch - 3 | train loss - 29.45 | dev f1 - 0.391 | dev loss - 31.5
2022-05-15 20:07:07 INFO     *** epoch - 4 | train loss - 28.57 | dev f1 - 0.4 | dev loss - 31.12
2022-05-15 20:09:26 INFO     *** epoch - 5 | train loss - 27.79 | dev f1 - 0.407 | dev loss - 31.03
2022-05-15 20:11:44 INFO     *** epoch - 6 | train loss - 27.52 | dev f1 - 0.41 | dev loss - 31.16
2022-05-15 20:14:04 INFO     *** epoch - 7 | train loss - 27.04 | dev f1 - 0.424 | dev loss - 30.98
2022-05-15 20:16:21 INFO     *** epoch - 8 | train loss - 26.83 | dev f1 - 0.449 | dev loss - 30.92
2022-05-15 20:18:38 INFO     *** epoch - 9 | train loss - 26.68 | dev f1 - 0.445 | dev loss - 31.13
2022-05-15 20:20:58 INFO     *** epoch - 10 | train loss - 26.55 | dev f1 - 0.445 | dev loss - 31.14
2022-05-15 20:20:59 INFO      \ -------------------- learning rate: 5e-06
2022-05-15 20:21:01 INFO     ***************************************
2022-05-15 20:21:01 INFO     Training on seed 5
2022-05-15 20:21:01 INFO     *saving checkpoint every 62 iterations
2022-05-15 20:21:01 INFO     +++++++++++++ epochs:  10
2022-05-15 20:23:22 INFO     *** epoch - 1 | train loss - 33.11 | dev f1 - 0.398 | dev loss - 30.13
2022-05-15 20:25:42 INFO     *** epoch - 2 | train loss - 26.52 | dev f1 - 0.483 | dev loss - 29.71
2022-05-15 20:28:00 INFO     *** epoch - 3 | train loss - 22.6 | dev f1 - 0.456 | dev loss - 31.49
2022-05-15 20:30:17 INFO     *** epoch - 4 | train loss - 19.42 | dev f1 - 0.486 | dev loss - 32.52
2022-05-15 20:32:34 INFO     *** epoch - 5 | train loss - 16.51 | dev f1 - 0.476 | dev loss - 34.56
2022-05-15 20:34:51 INFO     *** epoch - 6 | train loss - 14.27 | dev f1 - 0.498 | dev loss - 37.53
2022-05-15 20:37:08 INFO     *** epoch - 7 | train loss - 12.61 | dev f1 - 0.5 | dev loss - 39.62
2022-05-15 20:39:25 INFO     *** epoch - 8 | train loss - 11.14 | dev f1 - 0.49 | dev loss - 41.73
2022-05-15 20:41:42 INFO     *** epoch - 9 | train loss - 10.34 | dev f1 - 0.488 | dev loss - 43.23
2022-05-15 20:43:59 INFO     *** epoch - 10 | train loss - 9.91 | dev f1 - 0.492 | dev loss - 42.94
2022-05-15 20:44:41 INFO      \ ------------------  batch size: 64
2022-05-15 20:44:41 INFO      \ -------------------- learning rate: 0.0001
2022-05-15 20:44:43 INFO     ***************************************
2022-05-15 20:44:43 INFO     Training on seed 5
2022-05-15 20:44:43 INFO     *saving checkpoint every 31 iterations
2022-05-15 20:44:43 INFO     +++++++++++++ epochs:  10
2022-05-15 20:46:59 INFO     *** epoch - 1 | train loss - 79.33 | dev f1 - 0.139 | dev loss - 76.58
2022-05-15 20:49:12 INFO     *** epoch - 2 | train loss - 76.0 | dev f1 - 0.139 | dev loss - 76.18
2022-05-15 20:51:26 INFO     *** epoch - 3 | train loss - 76.15 | dev f1 - 0.138 | dev loss - 75.91
2022-05-15 20:53:40 INFO     *** epoch - 4 | train loss - 75.63 | dev f1 - 0.139 | dev loss - 76.12
2022-05-15 20:55:54 INFO     *** epoch - 5 | train loss - 75.79 | dev f1 - 0.138 | dev loss - 75.58
2022-05-15 20:58:07 INFO     *** epoch - 6 | train loss - 75.61 | dev f1 - 0.138 | dev loss - 75.94
2022-05-15 21:00:21 INFO     *** epoch - 7 | train loss - 75.42 | dev f1 - 0.138 | dev loss - 75.75
2022-05-15 21:02:33 INFO     *** epoch - 8 | train loss - 75.57 | dev f1 - 0.139 | dev loss - 75.34
2022-05-15 21:04:47 INFO     *** epoch - 9 | train loss - 75.39 | dev f1 - 0.138 | dev loss - 76.11
2022-05-15 21:07:00 INFO     *** epoch - 10 | train loss - 75.39 | dev f1 - 0.138 | dev loss - 75.61
2022-05-15 21:07:00 INFO      \ -------------------- learning rate: 0.0005
2022-05-15 21:07:02 INFO     ***************************************
2022-05-15 21:07:02 INFO     Training on seed 5
2022-05-15 21:07:02 INFO     *saving checkpoint every 31 iterations
2022-05-15 21:07:02 INFO     +++++++++++++ epochs:  10
2022-05-15 21:09:17 INFO     *** epoch - 1 | train loss - 92.62 | dev f1 - 0.138 | dev loss - 79.44
2022-05-15 21:11:30 INFO     *** epoch - 2 | train loss - 77.74 | dev f1 - 0.139 | dev loss - 75.9
2022-05-15 21:13:43 INFO     *** epoch - 3 | train loss - 76.52 | dev f1 - 0.138 | dev loss - 78.84
2022-05-15 21:15:55 INFO     *** epoch - 4 | train loss - 76.91 | dev f1 - 0.139 | dev loss - 75.7
2022-05-15 21:18:07 INFO     *** epoch - 5 | train loss - 76.96 | dev f1 - 0.139 | dev loss - 76.89
2022-05-15 21:20:20 INFO     *** epoch - 6 | train loss - 76.06 | dev f1 - 0.139 | dev loss - 75.85
2022-05-15 21:22:32 INFO     *** epoch - 7 | train loss - 75.97 | dev f1 - 0.138 | dev loss - 75.62
2022-05-15 21:24:44 INFO     *** epoch - 8 | train loss - 75.83 | dev f1 - 0.138 | dev loss - 75.27
2022-05-15 21:26:59 INFO     *** epoch - 9 | train loss - 75.72 | dev f1 - 0.138 | dev loss - 76.24
2022-05-15 21:29:11 INFO     *** epoch - 10 | train loss - 75.53 | dev f1 - 0.139 | dev loss - 75.63
2022-05-15 21:29:13 INFO      \ -------------------- learning rate: 1e-05
2022-05-15 21:29:15 INFO     ***************************************
2022-05-15 21:29:15 INFO     Training on seed 5
2022-05-15 21:29:15 INFO     *saving checkpoint every 31 iterations
2022-05-15 21:29:15 INFO     +++++++++++++ epochs:  10
2022-05-15 21:31:31 INFO     *** epoch - 1 | train loss - 68.1 | dev f1 - 0.354 | dev loss - 61.52
2022-05-15 21:33:48 INFO     *** epoch - 2 | train loss - 52.68 | dev f1 - 0.442 | dev loss - 58.51
2022-05-15 21:36:03 INFO     *** epoch - 3 | train loss - 41.59 | dev f1 - 0.439 | dev loss - 69.76
2022-05-15 21:38:16 INFO     *** epoch - 4 | train loss - 30.66 | dev f1 - 0.505 | dev loss - 69.38
2022-05-15 21:40:29 INFO     *** epoch - 5 | train loss - 21.23 | dev f1 - 0.532 | dev loss - 81.74
2022-05-15 21:42:42 INFO     *** epoch - 6 | train loss - 15.92 | dev f1 - 0.517 | dev loss - 92.68
2022-05-15 21:44:55 INFO     *** epoch - 7 | train loss - 11.12 | dev f1 - 0.493 | dev loss - 102.75
2022-05-15 21:47:09 INFO     *** epoch - 8 | train loss - 8.03 | dev f1 - 0.509 | dev loss - 109.02
2022-05-15 21:49:23 INFO     *** epoch - 9 | train loss - 6.47 | dev f1 - 0.499 | dev loss - 117.22
2022-05-15 21:51:36 INFO     *** epoch - 10 | train loss - 5.46 | dev f1 - 0.495 | dev loss - 122.38
2022-05-15 21:51:37 INFO      \ -------------------- learning rate: 2e-05
2022-05-15 21:51:39 INFO     ***************************************
2022-05-15 21:51:39 INFO     Training on seed 5
2022-05-15 21:51:39 INFO     *saving checkpoint every 31 iterations
2022-05-15 21:51:39 INFO     +++++++++++++ epochs:  10
2022-05-15 21:53:57 INFO     *** epoch - 1 | train loss - 68.87 | dev f1 - 0.384 | dev loss - 61.01
2022-05-15 21:56:12 INFO     *** epoch - 2 | train loss - 52.02 | dev f1 - 0.481 | dev loss - 60.55
2022-05-15 21:58:26 INFO     *** epoch - 3 | train loss - 37.41 | dev f1 - 0.479 | dev loss - 76.61
2022-05-15 22:00:40 INFO     *** epoch - 4 | train loss - 21.9 | dev f1 - 0.495 | dev loss - 88.45
2022-05-15 22:02:53 INFO     *** epoch - 5 | train loss - 11.16 | dev f1 - 0.514 | dev loss - 121.26
2022-05-15 22:05:06 INFO     *** epoch - 6 | train loss - 6.54 | dev f1 - 0.51 | dev loss - 141.06
2022-05-15 22:07:20 INFO     *** epoch - 7 | train loss - 3.55 | dev f1 - 0.493 | dev loss - 158.26
2022-05-15 22:09:33 INFO     *** epoch - 8 | train loss - 2.21 | dev f1 - 0.488 | dev loss - 170.88
2022-05-15 22:11:47 INFO     *** epoch - 9 | train loss - 1.46 | dev f1 - 0.494 | dev loss - 178.94
2022-05-15 22:14:01 INFO     *** epoch - 10 | train loss - 0.81 | dev f1 - 0.5 | dev loss - 191.44
2022-05-15 22:14:03 INFO      \ -------------------- learning rate: 3e-05
2022-05-15 22:14:05 INFO     ***************************************
2022-05-15 22:14:05 INFO     Training on seed 5
2022-05-15 22:14:05 INFO     *saving checkpoint every 31 iterations
2022-05-15 22:14:05 INFO     +++++++++++++ epochs:  10
2022-05-15 22:16:21 INFO     *** epoch - 1 | train loss - 70.08 | dev f1 - 0.36 | dev loss - 65.03
2022-05-15 22:18:37 INFO     *** epoch - 2 | train loss - 54.36 | dev f1 - 0.475 | dev loss - 60.76
2022-05-15 22:20:51 INFO     *** epoch - 3 | train loss - 39.96 | dev f1 - 0.487 | dev loss - 68.2
2022-05-15 22:23:04 INFO     *** epoch - 4 | train loss - 24.05 | dev f1 - 0.475 | dev loss - 83.49
2022-05-15 22:25:18 INFO     *** epoch - 5 | train loss - 12.35 | dev f1 - 0.484 | dev loss - 118.26
2022-05-15 22:27:31 INFO     *** epoch - 6 | train loss - 6.59 | dev f1 - 0.486 | dev loss - 136.06
2022-05-15 22:29:45 INFO     *** epoch - 7 | train loss - 3.76 | dev f1 - 0.505 | dev loss - 161.36
2022-05-15 22:31:58 INFO     *** epoch - 8 | train loss - 1.94 | dev f1 - 0.507 | dev loss - 183.37
2022-05-15 22:34:12 INFO     *** epoch - 9 | train loss - 1.07 | dev f1 - 0.499 | dev loss - 196.88
2022-05-15 22:36:26 INFO     *** epoch - 10 | train loss - 0.63 | dev f1 - 0.497 | dev loss - 210.18
2022-05-15 22:36:28 INFO      \ -------------------- learning rate: 4e-05
2022-05-15 22:36:30 INFO     ***************************************
2022-05-15 22:36:30 INFO     Training on seed 5
2022-05-15 22:36:30 INFO     *saving checkpoint every 31 iterations
2022-05-15 22:36:30 INFO     +++++++++++++ epochs:  10
2022-05-15 22:38:47 INFO     *** epoch - 1 | train loss - 73.24 | dev f1 - 0.334 | dev loss - 64.16
2022-05-15 22:41:03 INFO     *** epoch - 2 | train loss - 58.02 | dev f1 - 0.435 | dev loss - 63.44
2022-05-15 22:43:16 INFO     *** epoch - 3 | train loss - 44.57 | dev f1 - 0.47 | dev loss - 64.29
2022-05-15 22:45:29 INFO     *** epoch - 4 | train loss - 29.76 | dev f1 - 0.465 | dev loss - 82.02
2022-05-15 22:47:43 INFO     *** epoch - 5 | train loss - 19.43 | dev f1 - 0.483 | dev loss - 110.93
2022-05-15 22:49:56 INFO     *** epoch - 6 | train loss - 11.91 | dev f1 - 0.479 | dev loss - 124.78
2022-05-15 22:52:09 INFO     *** epoch - 7 | train loss - 6.53 | dev f1 - 0.474 | dev loss - 156.77
2022-05-15 22:54:23 INFO     *** epoch - 8 | train loss - 3.47 | dev f1 - 0.474 | dev loss - 182.67
2022-05-15 22:56:36 INFO     *** epoch - 9 | train loss - 2.44 | dev f1 - 0.466 | dev loss - 196.33
2022-05-15 22:58:50 INFO     *** epoch - 10 | train loss - 1.3 | dev f1 - 0.496 | dev loss - 211.1
2022-05-15 22:58:50 INFO      \ -------------------- learning rate: 5e-05
2022-05-15 22:58:52 INFO     ***************************************
2022-05-15 22:58:52 INFO     Training on seed 5
2022-05-15 22:58:52 INFO     *saving checkpoint every 31 iterations
2022-05-15 22:58:52 INFO     +++++++++++++ epochs:  10
2022-05-15 23:01:09 INFO     *** epoch - 1 | train loss - 74.74 | dev f1 - 0.321 | dev loss - 65.39
2022-05-15 23:03:25 INFO     *** epoch - 2 | train loss - 60.65 | dev f1 - 0.322 | dev loss - 64.49
2022-05-15 23:05:38 INFO     *** epoch - 3 | train loss - 50.1 | dev f1 - 0.403 | dev loss - 71.27
2022-05-15 23:07:52 INFO     *** epoch - 4 | train loss - 37.6 | dev f1 - 0.454 | dev loss - 75.67
2022-05-15 23:10:05 INFO     *** epoch - 5 | train loss - 27.62 | dev f1 - 0.461 | dev loss - 93.2
2022-05-15 23:12:18 INFO     *** epoch - 6 | train loss - 19.13 | dev f1 - 0.48 | dev loss - 103.98
2022-05-15 23:14:31 INFO     *** epoch - 7 | train loss - 11.85 | dev f1 - 0.484 | dev loss - 129.34
2022-05-15 23:16:44 INFO     *** epoch - 8 | train loss - 7.56 | dev f1 - 0.454 | dev loss - 154.76
2022-05-15 23:18:58 INFO     *** epoch - 9 | train loss - 5.19 | dev f1 - 0.467 | dev loss - 169.25
2022-05-15 23:21:12 INFO     *** epoch - 10 | train loss - 3.43 | dev f1 - 0.462 | dev loss - 178.75
2022-05-15 23:21:14 INFO      \ -------------------- learning rate: 1e-06
2022-05-15 23:21:16 INFO     ***************************************
2022-05-15 23:21:16 INFO     Training on seed 5
2022-05-15 23:21:16 INFO     *saving checkpoint every 31 iterations
2022-05-15 23:21:16 INFO     +++++++++++++ epochs:  10
2022-05-15 23:23:33 INFO     *** epoch - 1 | train loss - 72.84 | dev f1 - 0.354 | dev loss - 68.11
2022-05-15 23:25:50 INFO     *** epoch - 2 | train loss - 63.35 | dev f1 - 0.383 | dev loss - 65.6
2022-05-15 23:28:07 INFO     *** epoch - 3 | train loss - 60.18 | dev f1 - 0.394 | dev loss - 63.79
2022-05-15 23:30:21 INFO     *** epoch - 4 | train loss - 58.05 | dev f1 - 0.402 | dev loss - 62.56
2022-05-15 23:32:37 INFO     *** epoch - 5 | train loss - 56.92 | dev f1 - 0.406 | dev loss - 62.38
2022-05-15 23:34:54 INFO     *** epoch - 6 | train loss - 56.01 | dev f1 - 0.41 | dev loss - 62.45
2022-05-15 23:37:08 INFO     *** epoch - 7 | train loss - 55.11 | dev f1 - 0.407 | dev loss - 61.89
2022-05-15 23:39:23 INFO     *** epoch - 8 | train loss - 54.87 | dev f1 - 0.413 | dev loss - 61.24
2022-05-15 23:41:36 INFO     *** epoch - 9 | train loss - 54.52 | dev f1 - 0.407 | dev loss - 62.55
2022-05-15 23:43:50 INFO     *** epoch - 10 | train loss - 54.33 | dev f1 - 0.408 | dev loss - 62.99
2022-05-15 23:43:52 INFO      \ -------------------- learning rate: 5e-06
2022-05-15 23:43:55 INFO     ***************************************
2022-05-15 23:43:55 INFO     Training on seed 5
2022-05-15 23:43:55 INFO     *saving checkpoint every 31 iterations
2022-05-15 23:43:55 INFO     +++++++++++++ epochs:  10
2022-05-15 23:46:12 INFO     *** epoch - 1 | train loss - 68.35 | dev f1 - 0.356 | dev loss - 62.02
2022-05-15 23:48:29 INFO     *** epoch - 2 | train loss - 55.47 | dev f1 - 0.443 | dev loss - 59.74
2022-05-15 23:50:44 INFO     *** epoch - 3 | train loss - 48.21 | dev f1 - 0.442 | dev loss - 64.25
2022-05-15 23:52:57 INFO     *** epoch - 4 | train loss - 42.21 | dev f1 - 0.479 | dev loss - 61.98
2022-05-15 23:55:10 INFO     *** epoch - 5 | train loss - 36.87 | dev f1 - 0.477 | dev loss - 65.73
2022-05-15 23:57:23 INFO     *** epoch - 6 | train loss - 33.28 | dev f1 - 0.494 | dev loss - 71.7
2022-05-15 23:59:37 INFO     *** epoch - 7 | train loss - 29.81 | dev f1 - 0.483 | dev loss - 74.69
2022-05-16 00:01:51 INFO     *** epoch - 8 | train loss - 27.15 | dev f1 - 0.481 | dev loss - 76.35
2022-05-16 00:04:04 INFO     *** epoch - 9 | train loss - 25.41 | dev f1 - 0.474 | dev loss - 80.66
2022-05-16 00:06:18 INFO     *** epoch - 10 | train loss - 24.61 | dev f1 - 0.478 | dev loss - 80.82
