2022-04-29 23:55:16 INFO     Running on cuda : False
2022-04-29 23:55:16 INFO     config  : 
 ----------------------
2022-04-29 23:55:16 INFO     dataset : complain
2022-04-29 23:55:16 INFO     data_dir : /jmain02/home/J2AD003/txk58/zxz22-txk58/extract_rationales/extract_rationales/datasets/complain/data/
2022-04-29 23:55:16 INFO     model_dir : /jmain02/home/J2AD003/txk58/zxz22-txk58/extract_rationales/extract_rationales/models/complain/
2022-04-29 23:55:16 INFO     seed : 5
2022-04-29 23:55:16 INFO     evaluate_models : False
2022-04-29 23:55:16 INFO     inherently_faithful : None
2022-04-29 23:55:16 INFO     use_tasc : False
2022-04-29 23:55:16 INFO     importance_metric : None
2022-04-29 23:55:16 INFO     rationale_length : 0.2
2022-04-29 23:55:16 INFO     batch_size : 16
2022-04-29 23:55:16 INFO     lr_bert : 5e-06
2022-04-29 23:55:16 INFO     lr_classifier : 5e-06
2022-04-29 23:55:16 INFO     model : bert-base-uncased
2022-04-29 23:55:16 INFO     ood_dataset_1 : complain_ood1
2022-04-29 23:55:16 INFO     ood_dataset_2 : complain_ood2
2022-04-29 23:55:16 INFO     epochs : 4
2022-04-29 23:55:16 INFO     model_abbreviation : bert
2022-04-29 23:55:16 INFO     evaluation_dir : None
2022-04-29 23:55:16 INFO     extracted_rationale_dir : None
2022-04-29 23:55:16 INFO     query : False
2022-04-29 23:55:16 INFO     stage_of_proj : train
2022-04-29 23:55:16 INFO     ood_rat_1 : 0.2
2022-04-29 23:55:16 INFO     ood_rat_2 : 0.2
2022-04-29 23:55:16 INFO     embed_model : None
2022-04-29 23:55:16 INFO     
 ----------------------
2022-04-29 23:55:20 INFO     batch size 16
2022-04-29 23:55:20 INFO     1e-05
2022-04-29 23:55:23 INFO     ***************************************
2022-04-29 23:55:23 INFO     Training on seed 5
2022-04-29 23:55:23 INFO     *saving checkpoint every 34 iterations
2022-04-29 23:57:44 INFO     *** epoch - 1 | train loss - 7.42 | dev f1 - 0.813 | dev loss - 6.01
2022-04-29 23:59:47 INFO     *** epoch - 2 | train loss - 3.13 | dev f1 - 0.832 | dev loss - 6.9
2022-04-30 00:01:46 INFO     *** epoch - 3 | train loss - 1.27 | dev f1 - 0.839 | dev loss - 9.77
2022-04-30 00:04:18 INFO     *** epoch - 4 | train loss - 0.72 | dev f1 - 0.847 | dev loss - 10.57
2022-04-30 00:04:19 INFO     2e-05
2022-04-30 00:04:22 INFO     ***************************************
2022-04-30 00:04:22 INFO     Training on seed 5
2022-04-30 00:04:22 INFO     *saving checkpoint every 34 iterations
2022-04-30 00:08:42 INFO     *** epoch - 1 | train loss - 7.81 | dev f1 - 0.797 | dev loss - 6.19
2022-04-30 00:12:49 INFO     *** epoch - 2 | train loss - 3.47 | dev f1 - 0.84 | dev loss - 6.36
2022-04-30 00:30:53 INFO     *** epoch - 3 | train loss - 0.89 | dev f1 - 0.835 | dev loss - 11.38
2022-04-30 00:34:59 INFO     *** epoch - 4 | train loss - 0.26 | dev f1 - 0.843 | dev loss - 12.6
2022-04-30 00:34:59 INFO     5e-05
2022-04-30 00:35:02 INFO     ***************************************
2022-04-30 00:35:02 INFO     Training on seed 5
2022-04-30 00:35:02 INFO     *saving checkpoint every 34 iterations
2022-04-30 00:39:13 INFO     *** epoch - 1 | train loss - 10.8 | dev f1 - 0.28 | dev loss - 13.06
2022-04-30 00:43:20 INFO     *** epoch - 2 | train loss - 11.08 | dev f1 - 0.38 | dev loss - 10.75
2022-04-30 01:00:55 INFO     *** epoch - 3 | train loss - 10.16 | dev f1 - 0.739 | dev loss - 8.66
2022-04-30 01:08:49 INFO     *** epoch - 4 | train loss - 7.65 | dev f1 - 0.762 | dev loss - 8.73
2022-04-30 01:08:51 INFO     1e-06
2022-04-30 01:08:54 INFO     ***************************************
2022-04-30 01:08:54 INFO     Training on seed 5
2022-04-30 01:08:54 INFO     *saving checkpoint every 34 iterations
2022-04-30 01:12:58 INFO     *** epoch - 1 | train loss - 9.81 | dev f1 - 0.786 | dev loss - 7.9
2022-04-30 01:16:39 INFO     *** epoch - 2 | train loss - 7.45 | dev f1 - 0.786 | dev loss - 7.03
2022-04-30 01:20:15 INFO     *** epoch - 3 | train loss - 6.43 | dev f1 - 0.812 | dev loss - 6.52
2022-04-30 01:24:10 INFO     *** epoch - 4 | train loss - 6.01 | dev f1 - 0.807 | dev loss - 6.52
2022-04-30 01:24:11 INFO     0.0005
2022-04-30 01:24:14 INFO     ***************************************
2022-04-30 01:24:14 INFO     Training on seed 5
2022-04-30 01:24:14 INFO     *saving checkpoint every 34 iterations
2022-04-30 01:28:04 INFO     *** epoch - 1 | train loss - 14.97 | dev f1 - 0.28 | dev loss - 11.6
2022-04-30 01:32:07 INFO     *** epoch - 2 | train loss - 12.71 | dev f1 - 0.28 | dev loss - 12.99
2022-04-30 01:36:03 INFO     *** epoch - 3 | train loss - 11.46 | dev f1 - 0.38 | dev loss - 10.74
2022-04-30 01:40:05 INFO     *** epoch - 4 | train loss - 10.72 | dev f1 - 0.38 | dev loss - 10.68
