2022-05-06 15:49:23 INFO     
        factcheck ----
2022-05-06 15:49:23 INFO     
        full
        mean -> 0.5392557288601971
        std ->  0.2753195057649181
        all ->  [0.18279465 0.99854365 0.58239237 0.34694081 0.58560717]
    
2022-05-06 15:49:23 INFO     
        InDomain
        mean -> 0.7848348850599971
        std ->  0.2498366294470849
        all ->  [0.64339513 0.99740518 0.97312317 0.95328552 0.35696542]
    
2022-05-06 15:49:23 INFO     
        ood1
        mean -> 0.7894915645067135
        std ->  0.2452542842400989
        all ->  [0.66021889 0.99727328 0.97138195 0.95414403 0.36443968]
    
2022-05-06 15:49:24 INFO     
        ood2
        mean -> 0.789786511098405
        std ->  0.24360784312770256
        all ->  [0.65131473 0.99714594 0.97340465 0.9541849  0.37288234]
    
