2022-04-29 23:53:57 INFO     Running on cuda : False
2022-04-29 23:53:57 INFO     config  : 
 ----------------------
2022-04-29 23:53:57 INFO     dataset : complain
2022-04-29 23:53:57 INFO     data_dir : /jmain02/home/J2AD003/txk58/zxz22-txk58/extract_rationales/extract_rationales/datasets/complain/data/
2022-04-29 23:53:57 INFO     model_dir : /jmain02/home/J2AD003/txk58/zxz22-txk58/extract_rationales/extract_rationales/models/complain/
2022-04-29 23:53:57 INFO     seed : None
2022-04-29 23:53:57 INFO     evaluate_models : False
2022-04-29 23:53:57 INFO     inherently_faithful : None
2022-04-29 23:53:57 INFO     use_tasc : False
2022-04-29 23:53:57 INFO     importance_metric : None
2022-04-29 23:53:57 INFO     rationale_length : 0.2
2022-04-29 23:53:57 INFO     batch_size : 16
2022-04-29 23:53:57 INFO     lr_bert : 5e-06
2022-04-29 23:53:57 INFO     lr_classifier : 5e-06
2022-04-29 23:53:57 INFO     model : bert-base-uncased
2022-04-29 23:53:57 INFO     ood_dataset_1 : complain_ood1
2022-04-29 23:53:57 INFO     ood_dataset_2 : complain_ood2
2022-04-29 23:53:57 INFO     epochs : 4
2022-04-29 23:53:57 INFO     model_abbreviation : bert
2022-04-29 23:53:57 INFO     evaluation_dir : None
2022-04-29 23:53:57 INFO     extracted_rationale_dir : None
2022-04-29 23:53:57 INFO     query : False
2022-04-29 23:53:57 INFO     stage_of_proj : train
2022-04-29 23:53:57 INFO     ood_rat_1 : 0.2
2022-04-29 23:53:57 INFO     ood_rat_2 : 0.2
2022-04-29 23:53:57 INFO     embed_model : None
2022-04-29 23:53:57 INFO     
 ----------------------
2022-04-29 23:54:17 INFO     batch size 16
2022-04-29 23:54:17 INFO     1e-05
