2022-06-01 10:00:44 INFO     Running on cuda : True
2022-06-01 10:00:44 INFO     config  : 
 ----------------------
2022-06-01 10:00:44 INFO     dataset : yelp
2022-06-01 10:00:44 INFO     data_dir : /home/cass/PycharmProjects/ood_time/extract_rationales/datasets/yelp/data/
2022-06-01 10:00:44 INFO     model_dir : /home/cass/PycharmProjects/ood_time/extract_rationales/ft_kuma/yelp/
2022-06-01 10:00:44 INFO     seed : 412
2022-06-01 10:00:44 INFO     evaluate_models : False
2022-06-01 10:00:44 INFO     inherently_faithful : kuma
2022-06-01 10:00:44 INFO     use_tasc : False
2022-06-01 10:00:44 INFO     importance_metric : None
2022-06-01 10:00:44 INFO     rationale_length : 0.2
2022-06-01 10:00:44 INFO     batch_size : 8
2022-06-01 10:00:44 INFO     lr_bert : 1e-05
2022-06-01 10:00:44 INFO     lr_classifier : 0.0001
2022-06-01 10:00:44 INFO     model : bert-base-uncased
2022-06-01 10:00:44 INFO     ood_dataset_1 : yelp_ood1
2022-06-01 10:00:44 INFO     ood_dataset_2 : yelp_ood2
2022-06-01 10:00:44 INFO     epochs : 20
2022-06-01 10:00:44 INFO     model_abbreviation : kuma-bert
2022-06-01 10:00:44 INFO     evaluation_dir : None
2022-06-01 10:00:44 INFO     extracted_rationale_dir : None
2022-06-01 10:00:44 INFO     query : False
2022-06-01 10:00:44 INFO     stage_of_proj : train
2022-06-01 10:00:44 INFO     ood_rat_1 : 0.2
2022-06-01 10:00:44 INFO     ood_rat_2 : 0.2
2022-06-01 10:00:44 INFO     embed_model : glove.840B.300d
2022-06-01 10:00:44 INFO     
 ----------------------
2022-06-01 10:00:46 INFO     2022-06-01_10:00
2022-06-01 10:00:46 INFO     Finetune BERT for: yelp
2022-06-01 10:00:46 INFO     Finetune BERT for: yelp
2022-06-01 10:00:49 INFO     ***************************************
2022-06-01 10:00:49 INFO     Training on seed 412
2022-06-01 10:00:49 INFO     *saving checkpoint every 356 iterations
2022-06-01 10:00:49 INFO     +++++++++++++ epochs:  20
2022-06-01 10:01:30 INFO     *** epoch - 1 | train loss - -88850.65 | dev f1 - 0.111 | dev loss - -135.79
2022-06-01 10:02:10 INFO     *** epoch - 2 | train loss - 11.06 | dev f1 - 0.111 | dev loss - 11.49
2022-06-01 10:02:49 INFO     *** epoch - 3 | train loss - 11.48 | dev f1 - 0.111 | dev loss - 11.49
2022-06-01 10:03:28 INFO     *** epoch - 4 | train loss - 11.47 | dev f1 - 0.111 | dev loss - 11.48
2022-06-01 10:04:07 INFO     *** epoch - 5 | train loss - 11.47 | dev f1 - 0.111 | dev loss - 11.47
2022-06-01 10:04:46 INFO     *** epoch - 6 | train loss - 11.47 | dev f1 - 0.111 | dev loss - 11.47
2022-06-01 10:05:25 INFO     *** epoch - 7 | train loss - 11.47 | dev f1 - 0.111 | dev loss - 11.48
2022-06-01 10:06:04 INFO     *** epoch - 8 | train loss - 11.47 | dev f1 - 0.111 | dev loss - 11.47
2022-06-01 10:06:43 INFO     *** epoch - 9 | train loss - 11.46 | dev f1 - 0.111 | dev loss - 11.47
2022-06-01 10:07:23 INFO     *** epoch - 10 | train loss - 11.46 | dev f1 - 0.111 | dev loss - 11.47
2022-06-01 10:08:02 INFO     *** epoch - 11 | train loss - 11.46 | dev f1 - 0.111 | dev loss - 11.46
2022-06-01 10:08:41 INFO     *** epoch - 12 | train loss - 11.46 | dev f1 - 0.111 | dev loss - 11.46
2022-06-01 10:09:20 INFO     *** epoch - 13 | train loss - 11.46 | dev f1 - 0.111 | dev loss - 11.46
2022-06-01 10:09:59 INFO     *** epoch - 14 | train loss - 11.46 | dev f1 - 0.111 | dev loss - 11.46
2022-06-01 10:10:37 INFO     *** epoch - 15 | train loss - 11.46 | dev f1 - 0.111 | dev loss - 11.46
2022-06-01 10:11:18 INFO     *** epoch - 16 | train loss - 11.46 | dev f1 - 0.111 | dev loss - 11.46
2022-06-01 10:11:58 INFO     *** epoch - 17 | train loss - 11.44 | dev f1 - 0.111 | dev loss - 11.46
2022-06-01 10:12:38 INFO     *** epoch - 18 | train loss - 11.3 | dev f1 - 0.111 | dev loss - 11.34
2022-06-01 10:13:18 INFO     *** epoch - 19 | train loss - 11.09 | dev f1 - 0.111 | dev loss - 11.04
2022-06-01 10:13:58 INFO     *** epoch - 20 | train loss - 10.83 | dev f1 - 0.111 | dev loss - 10.85
2022-06-01 10:13:58 INFO     
        yelp ----
2022-06-01 10:13:58 INFO     
        InDomain
        mean -> 0.16317661338061218
        std ->  0.0
        all ->  0.16317661338061218
    
