2022-05-20 18:40:45 INFO     Running on cuda : True
2022-05-20 18:40:45 INFO     config  : 
 ----------------------
2022-05-20 18:40:45 INFO     dataset : yelp_full
2022-05-20 18:40:45 INFO     data_dir : /jmain02/home/J2AD003/txk58/zxz22-txk58/extract_rationales/extract_rationales/datasets/yelp_full/data/
2022-05-20 18:40:45 INFO     model_dir : /jmain02/home/J2AD003/txk58/zxz22-txk58/extract_rationales/extract_rationales/ft_model/yelp_full/
2022-05-20 18:40:45 INFO     seed : 412
2022-05-20 18:40:45 INFO     evaluate_models : False
2022-05-20 18:40:45 INFO     inherently_faithful : full_lstm
2022-05-20 18:40:45 INFO     use_tasc : False
2022-05-20 18:40:45 INFO     importance_metric : None
2022-05-20 18:40:45 INFO     rationale_length : 0.1
2022-05-20 18:40:45 INFO     batch_size : 8
2022-05-20 18:40:45 INFO     lr_bert : 1e-05
2022-05-20 18:40:45 INFO     lr_classifier : 0.0001
2022-05-20 18:40:45 INFO     model : bert-base-uncased
2022-05-20 18:40:45 INFO     ood_dataset_1 : yelp_ood1
2022-05-20 18:40:45 INFO     ood_dataset_2 : yelp_ood2
2022-05-20 18:40:45 INFO     epochs : 10
2022-05-20 18:40:45 INFO     model_abbreviation : full_lstm-bert
2022-05-20 18:40:45 INFO     evaluation_dir : None
2022-05-20 18:40:45 INFO     extracted_rationale_dir : None
2022-05-20 18:40:45 INFO     query : False
2022-05-20 18:40:45 INFO     stage_of_proj : train
2022-05-20 18:40:45 INFO     ood_rat_1 : 0.1
2022-05-20 18:40:45 INFO     ood_rat_2 : 0.1
2022-05-20 18:40:45 INFO     embed_model : glove.840B.300d
2022-05-20 18:40:45 INFO     
 ----------------------
2022-05-20 18:41:14 INFO     2022-05-20_18:40
2022-05-20 18:41:14 INFO     Finetune BERT for: yelp_full
2022-05-20 18:41:14 INFO     Finetune BERT for: yelp_full
2022-05-20 18:41:17 INFO      \ ------------------  batch size: 8
2022-05-20 18:41:17 INFO      \ -------------------- learning rate: 0.01
2022-05-20 18:41:57 INFO     ***************************************
2022-05-20 18:41:57 INFO     Training on seed 412
2022-05-20 18:41:57 INFO     *saving checkpoint every 498 iterations
2022-05-20 18:41:57 INFO     +++++++++++++ epochs:  10
