2022-04-29 22:40:25 INFO     Running on cuda : False
2022-04-29 22:40:25 INFO     config  : 
 ----------------------
2022-04-29 22:40:25 INFO     dataset : complain_full
2022-04-29 22:40:25 INFO     data_dir : /jmain02/home/J2AD003/txk58/zxz22-txk58/extract_rationales/extract_rationales/datasets/complain_full/data/
2022-04-29 22:40:25 INFO     model_dir : /jmain02/home/J2AD003/txk58/zxz22-txk58/extract_rationales/extract_rationales/models/complain_full/
2022-04-29 22:40:25 INFO     seed : 5
2022-04-29 22:40:25 INFO     evaluate_models : False
2022-04-29 22:40:25 INFO     inherently_faithful : None
2022-04-29 22:40:25 INFO     use_tasc : False
2022-04-29 22:40:25 INFO     importance_metric : None
2022-04-29 22:40:25 INFO     rationale_length : 0.2
2022-04-29 22:40:25 INFO     batch_size : 64
2022-04-29 22:40:25 INFO     lr_bert : 5e-06
2022-04-29 22:40:25 INFO     lr_classifier : 5e-06
2022-04-29 22:40:25 INFO     model : bert-base-uncased
2022-04-29 22:40:25 INFO     ood_dataset_1 : complain_ood1
2022-04-29 22:40:25 INFO     ood_dataset_2 : complain_ood2
2022-04-29 22:40:25 INFO     epochs : 3
2022-04-29 22:40:25 INFO     model_abbreviation : bert
2022-04-29 22:40:25 INFO     evaluation_dir : None
2022-04-29 22:40:25 INFO     extracted_rationale_dir : None
2022-04-29 22:40:25 INFO     query : False
2022-04-29 22:40:25 INFO     stage_of_proj : train
2022-04-29 22:40:25 INFO     ood_rat_1 : 0.2
2022-04-29 22:40:25 INFO     ood_rat_2 : 0.2
2022-04-29 22:40:25 INFO     embed_model : None
2022-04-29 22:40:25 INFO     
 ----------------------
2022-04-29 22:40:40 INFO     ***************************************
2022-04-29 22:40:40 INFO     Training on seed 5
2022-04-29 22:40:40 INFO     *saving checkpoint every 11 iterations
2022-04-29 22:43:17 INFO     *** epoch - 1 | train loss - 30.31 | dev f1 - 0.817 | dev loss - 28.98
2022-04-29 22:45:43 INFO     *** epoch - 2 | train loss - 13.1 | dev f1 - 0.847 | dev loss - 18.63
2022-04-29 22:48:06 INFO     *** epoch - 3 | train loss - 7.08 | dev f1 - 0.854 | dev loss - 22.95
2022-04-29 22:48:09 INFO     ***************************************
2022-04-29 22:48:09 INFO     Training on seed 5
2022-04-29 22:48:09 INFO     *saving checkpoint every 11 iterations
2022-04-29 22:50:48 INFO     *** epoch - 1 | train loss - 30.44 | dev f1 - 0.815 | dev loss - 26.34
2022-04-29 22:53:20 INFO     *** epoch - 2 | train loss - 11.24 | dev f1 - 0.835 | dev loss - 24.16
2022-04-29 22:55:56 INFO     *** epoch - 3 | train loss - 3.42 | dev f1 - 0.844 | dev loss - 33.78
2022-04-29 22:55:59 INFO     ***************************************
2022-04-29 22:55:59 INFO     Training on seed 5
2022-04-29 22:55:59 INFO     *saving checkpoint every 11 iterations
2022-04-29 22:58:35 INFO     *** epoch - 1 | train loss - 29.17 | dev f1 - 0.855 | dev loss - 20.49
2022-04-29 23:00:56 INFO     *** epoch - 2 | train loss - 10.34 | dev f1 - 0.88 | dev loss - 15.29
2022-04-29 23:03:22 INFO     *** epoch - 3 | train loss - 3.15 | dev f1 - 0.881 | dev loss - 24.22
2022-04-29 23:03:25 INFO     ***************************************
2022-04-29 23:03:25 INFO     Training on seed 5
2022-04-29 23:03:25 INFO     *saving checkpoint every 11 iterations
2022-04-29 23:05:56 INFO     *** epoch - 1 | train loss - 38.01 | dev f1 - 0.782 | dev loss - 29.15
2022-04-29 23:08:32 INFO     *** epoch - 2 | train loss - 22.14 | dev f1 - 0.819 | dev loss - 19.9
2022-04-29 23:11:08 INFO     *** epoch - 3 | train loss - 17.64 | dev f1 - 0.84 | dev loss - 21.83
