
版本1    29 24 270 27
2022-06-01 16:12:07 INFO     
        yelp ----
2022-06-01 16:12:08 INFO     
        full
        mean -> 0.09283933056943176
        std ->  0.035915837150952375
        all ->  [0.03623275 0.14271737 0.08439667 0.11732539 0.08352446]
    
2022-06-01 16:12:08 INFO     
        InDomain
        mean -> 0.1277685622318333
        std ->  0.0523419080250804
        all ->  [0.11121028 0.15890331 0.18616545 0.14777115 0.03479261]
    
2022-06-01 16:12:08 INFO     
        ood1
        mean -> 0.1583029842375149
        std ->  0.05543452091114236
        all ->  [0.15093311 0.19039812 0.20984005 0.18618877 0.05415486]
    
2022-06-01 16:12:08 INFO     
        ood2
        mean -> 0.15690154529337505
        std ->  0.05553864468870853
        all ->  [0.14860084 0.18939474 0.21005407 0.18335077 0.05310731]
        
        
版本2   28.8 28.8 33 34
2022-06-08 11:59:47 INFO     
        yelp ----
2022-06-08 11:59:48 INFO     
        full
        mean -> 0.11672673932381598
        std ->  0.022625961041345514
        all ->  [0.13156166 0.07183222 0.12580787 0.13049951 0.12393243]
    
2022-06-08 11:59:48 INFO     
        InDomain
        mean -> 0.11298922148216806
        std ->  0.030855986891991028
        all ->  [0.06496443 0.12669992 0.08992122 0.13506171 0.14829882]
    
2022-06-08 11:59:48 INFO     
        ood1
        mean -> 0.14860029009473288
        std ->  0.041462578319757276
        all ->  [0.08369483 0.16305811 0.12336104 0.1681038  0.20478367]
    
2022-06-08 11:59:48 INFO     
        ood2
        mean -> 0.14959924901186095
        std ->  0.04251745774633751
        all ->  [0.08429826 0.16322521 0.12319364 0.16810622 0.20917291]
    
