2022-05-15 18:18:03 INFO     Running on cuda : True
2022-05-15 18:18:03 INFO     config  : 
 ----------------------
2022-05-15 18:18:03 INFO     dataset : healthfact_full
2022-05-15 18:18:03 INFO     data_dir : /jmain02/home/J2AD003/txk58/zxz22-txk58/extract_rationales/extract_rationales/datasets/healthfact_full/data/
2022-05-15 18:18:03 INFO     model_dir : /jmain02/home/J2AD003/txk58/zxz22-txk58/extract_rationales/extract_rationales/models/healthfact_full/
2022-05-15 18:18:03 INFO     seed : 5
2022-05-15 18:18:03 INFO     evaluate_models : False
2022-05-15 18:18:03 INFO     inherently_faithful : None
2022-05-15 18:18:03 INFO     use_tasc : False
2022-05-15 18:18:03 INFO     importance_metric : None
2022-05-15 18:18:03 INFO     rationale_length : 0.2
2022-05-15 18:18:03 INFO     batch_size : 8
2022-05-15 18:18:03 INFO     lr_bert : 1e-05
2022-05-15 18:18:03 INFO     lr_classifier : 1e-05
2022-05-15 18:18:03 INFO     model : scibert_scivocab_uncased
2022-05-15 18:18:03 INFO     ood_dataset_1 : healthfact_ood1
2022-05-15 18:18:03 INFO     ood_dataset_2 : healthfact_ood2
2022-05-15 18:18:03 INFO     epochs : 10
2022-05-15 18:18:03 INFO     model_abbreviation : scibert
2022-05-15 18:18:03 INFO     evaluation_dir : None
2022-05-15 18:18:03 INFO     extracted_rationale_dir : None
2022-05-15 18:18:03 INFO     query : False
2022-05-15 18:18:03 INFO     stage_of_proj : train
2022-05-15 18:18:03 INFO     ood_rat_1 : 0.2
2022-05-15 18:18:03 INFO     ood_rat_2 : 0.2
2022-05-15 18:18:03 INFO     embed_model : None
2022-05-15 18:18:03 INFO     
 ----------------------
2022-05-15 18:19:41 INFO     2022-05-15_18:18
2022-05-15 18:19:41 INFO     Finetune BERT for: healthfact_full
2022-05-15 18:19:41 INFO     Finetune BERT for: healthfact_full
