2022-05-07 19:12:01 INFO     
        xfact ----
2022-05-07 19:12:01 INFO     
        full
        mean -> 0.9716816110580646
        std ->  0.025614823855290163
        all ->  [0.97090795 0.9871091  0.92256993 0.98464666 0.99317441]
    
2022-05-07 19:12:01 INFO     
        InDomain
        mean -> 0.9424045276822157
        std ->  0.06926200592478515
        all ->  [0.99602268 0.87634399 0.99903181 0.84105167 0.99957249]
    
2022-05-07 19:12:01 INFO     
        ood1
        mean -> 0.9395678635993352
        std ->  0.0762180773195692
        all ->  [0.99697671 0.88629441 0.99997726 0.81461368 0.99997726]
    
2022-05-07 19:12:01 INFO     
        ood2
        mean -> 0.9299962124855513
        std ->  0.08861682155524556
        all ->  [0.99645863 0.87032494 0.99997787 0.78334549 0.99987414]
    
