2022-06-13 22:21:54 INFO     Running on cuda : True
2022-06-13 22:23:00 INFO     Running on cuda : True
2022-06-13 22:23:00 INFO     config  : 
 ----------------------
2022-06-13 22:23:00 INFO     dataset : factcheck_rationales
2022-06-13 22:23:00 INFO     data_dir : /home/cass/PycharmProjects/ood_time/extract_rationales/datasets/factcheck_rationales/data/
2022-06-13 22:23:00 INFO     model_dir : /home/cass/PycharmProjects/ood_time/extract_rationales/models/factcheck_rationales/
2022-06-13 22:23:00 INFO     seed : 5
2022-06-13 22:23:00 INFO     evaluate_models : True
2022-06-13 22:23:00 INFO     inherently_faithful : None
2022-06-13 22:23:00 INFO     use_tasc : False
2022-06-13 22:23:00 INFO     importance_metric : None
2022-06-13 22:23:00 INFO     rationale_length : 0.2
2022-06-13 22:23:00 INFO     batch_size : 64
2022-06-13 22:23:00 INFO     lr_bert : 1e-05
2022-06-13 22:23:00 INFO     lr_classifier : 0.0001
2022-06-13 22:23:00 INFO     model : bert-base-uncased
2022-06-13 22:23:00 INFO     ood_dataset_1 : factcheck_rationales_ood1
2022-06-13 22:23:00 INFO     ood_dataset_2 : factcheck_rationales_ood2
2022-06-13 22:23:00 INFO     epochs : 5
2022-06-13 22:23:00 INFO     model_abbreviation : bert
2022-06-13 22:23:00 INFO     evaluation_dir : None
2022-06-13 22:23:00 INFO     extracted_rationale_dir : None
2022-06-13 22:23:00 INFO     query : False
2022-06-13 22:23:00 INFO     stage_of_proj : train
2022-06-13 22:23:00 INFO     ood_rat_1 : 0.2
2022-06-13 22:23:00 INFO     ood_rat_2 : 0.2
2022-06-13 22:23:00 INFO     embed_model : None
2022-06-13 22:23:00 INFO     
 ----------------------
2022-06-13 22:23:02 INFO     ------------------------------------- scaled
2022-06-13 22:23:02 INFO     evaluating trained models
2022-06-13 22:23:07 INFO     Loading model: /home/cass/PycharmProjects/ood_time/extract_rationales/models/factcheck_rationales/bert5.pt
2022-06-13 22:23:09 INFO     Seed: '5' -- Test loss: '14.816' -- Test accuracy: '0.504'
2022-06-13 22:23:09 INFO      ----------- in domain -----------
2022-06-13 22:23:09 INFO     {'5': {'model': '/home/cass/PycharmProjects/ood_time/extract_rationales/models/factcheck_rationales/bert5.pt', 'f1': 0.5041899266918937, 'accuracy': 0.8940832724616509, 'loss': 14.816415504975753, 'ece-score': 0.04596668673397591}, 'mean-acc': 0.8940832724616509, 'std-acc': 0.0, 'mean-f1': 0.5041899266918937, 'std-f1': 0.0, 'mean-ece': 0.04596668673397591, 'std-ece': 0.0}
2022-06-13 22:23:09 INFO     **** Loading dataset OOD --> factcheck_rationales_ood1
2022-06-13 22:23:10 INFO     -------------------------------------
2022-06-13 22:23:10 INFO     evaluating trained models
2022-06-13 22:23:12 INFO     Loading model: /home/cass/PycharmProjects/ood_time/extract_rationales/models/factcheck_rationales/bert5.pt
2022-06-13 22:23:13 INFO     Seed: '5' -- Test loss: '21.079' -- Test accuracy: '0.467'
2022-06-13 22:23:13 INFO      ----------- OOD1 -----------
2022-06-13 22:23:13 INFO     {'5': {'model': '/home/cass/PycharmProjects/ood_time/extract_rationales/models/factcheck_rationales/bert5.pt', 'f1': 0.46671186440677964, 'accuracy': 0.8318713450292398, 'loss': 21.078699458729137, 'ece-score': 0.07624185255222149}, 'mean-acc': 0.8318713450292398, 'std-acc': 0.0, 'mean-f1': 0.46671186440677964, 'std-f1': 0.0, 'mean-ece': 0.07624185255222149, 'std-ece': 0.0}
2022-06-13 22:23:13 INFO     **** Loading dataset OOD --> factcheck_rationales_ood2
2022-06-13 22:23:15 INFO     -------------------------------------
2022-06-13 22:23:15 INFO     evaluating trained models
2022-06-13 22:23:16 INFO     Loading model: /home/cass/PycharmProjects/ood_time/extract_rationales/models/factcheck_rationales/bert5.pt
2022-06-13 22:23:18 INFO     Seed: '5' -- Test loss: '27.258' -- Test accuracy: '0.455'
2022-06-13 22:23:18 INFO      ----------- OOD2 -----------
2022-06-13 22:23:18 INFO     {'5': {'model': '/home/cass/PycharmProjects/ood_time/extract_rationales/models/factcheck_rationales/bert5.pt', 'f1': 0.4546456568928479, 'accuracy': 0.7668128654970761, 'loss': 27.257690256292168, 'ece-score': 0.12227473329556618}, 'mean-acc': 0.7668128654970761, 'std-acc': 0.0, 'mean-f1': 0.4546456568928479, 'std-f1': 0.0, 'mean-ece': 0.12227473329556618, 'std-ece': 0.0}
2022-06-13 22:23:36 INFO     Running on cuda : True
2022-06-13 22:23:36 INFO     config  : 
 ----------------------
2022-06-13 22:23:36 INFO     dataset : factcheck_rationales
2022-06-13 22:23:36 INFO     data_dir : /home/cass/PycharmProjects/ood_time/extract_rationales/datasets/factcheck_rationales/data/
2022-06-13 22:23:36 INFO     model_dir : /home/cass/PycharmProjects/ood_time/extract_rationales/models/factcheck_rationales/
2022-06-13 22:23:36 INFO     seed : 5
2022-06-13 22:23:36 INFO     evaluate_models : True
2022-06-13 22:23:36 INFO     inherently_faithful : None
2022-06-13 22:23:36 INFO     use_tasc : False
2022-06-13 22:23:36 INFO     importance_metric : None
2022-06-13 22:23:36 INFO     rationale_length : 0.2
2022-06-13 22:23:36 INFO     batch_size : 64
2022-06-13 22:23:36 INFO     lr_bert : 1e-05
2022-06-13 22:23:36 INFO     lr_classifier : 0.0001
2022-06-13 22:23:36 INFO     model : bert-base-uncased
2022-06-13 22:23:36 INFO     ood_dataset_1 : factcheck_rationales_ood1
2022-06-13 22:23:36 INFO     ood_dataset_2 : factcheck_rationales_ood2
2022-06-13 22:23:36 INFO     epochs : 5
2022-06-13 22:23:36 INFO     model_abbreviation : bert
2022-06-13 22:23:36 INFO     evaluation_dir : None
2022-06-13 22:23:36 INFO     extracted_rationale_dir : None
2022-06-13 22:23:36 INFO     query : False
2022-06-13 22:23:36 INFO     stage_of_proj : train
2022-06-13 22:23:36 INFO     ood_rat_1 : 0.2
2022-06-13 22:23:36 INFO     ood_rat_2 : 0.2
2022-06-13 22:23:36 INFO     embed_model : None
2022-06-13 22:23:36 INFO     
 ----------------------
2022-06-13 22:23:38 INFO     -------------------------------------deeplift
2022-06-13 22:23:38 INFO     evaluating trained models
2022-06-13 22:23:42 INFO     Loading model: /home/cass/PycharmProjects/ood_time/extract_rationales/models/factcheck_rationales/bert5.pt
2022-06-13 22:23:43 INFO     Seed: '5' -- Test loss: '13.127' -- Test accuracy: '0.534'
2022-06-13 22:23:44 INFO      ----------- in domain -----------
2022-06-13 22:23:44 INFO     {'5': {'model': '/home/cass/PycharmProjects/ood_time/extract_rationales/models/factcheck_rationales/bert5.pt', 'f1': 0.5340367597004766, 'accuracy': 0.9824689554419284, 'loss': 13.12677357413552, 'ece-score': 0.15358610371763118}, 'mean-acc': 0.9824689554419284, 'std-acc': 0.0, 'mean-f1': 0.5340367597004766, 'std-f1': 0.0, 'mean-ece': 0.15358610371763118, 'std-ece': 0.0}
2022-06-13 22:23:44 INFO     **** Loading dataset OOD --> factcheck_rationales_ood1
2022-06-13 22:23:45 INFO     -------------------------------------
2022-06-13 22:23:45 INFO     evaluating trained models
2022-06-13 22:23:46 INFO     Loading model: /home/cass/PycharmProjects/ood_time/extract_rationales/models/factcheck_rationales/bert5.pt
2022-06-13 22:23:48 INFO     Seed: '5' -- Test loss: '23.566' -- Test accuracy: '0.483'
2022-06-13 22:23:48 INFO      ----------- OOD1 -----------
2022-06-13 22:23:48 INFO     {'5': {'model': '/home/cass/PycharmProjects/ood_time/extract_rationales/models/factcheck_rationales/bert5.pt', 'f1': 0.4832159165468198, 'accuracy': 0.8333333333333334, 'loss': 23.566269874572754, 'ece-score': 0.04602111370591389}, 'mean-acc': 0.8333333333333334, 'std-acc': 0.0, 'mean-f1': 0.4832159165468198, 'std-f1': 0.0, 'mean-ece': 0.04602111370591389, 'std-ece': 0.0}
2022-06-13 22:23:48 INFO     **** Loading dataset OOD --> factcheck_rationales_ood2
2022-06-13 22:23:49 INFO     -------------------------------------
2022-06-13 22:23:49 INFO     evaluating trained models
2022-06-13 22:23:50 INFO     Loading model: /home/cass/PycharmProjects/ood_time/extract_rationales/models/factcheck_rationales/bert5.pt
2022-06-13 22:23:52 INFO     Seed: '5' -- Test loss: '28.826' -- Test accuracy: '0.476'
2022-06-13 22:23:52 INFO      ----------- OOD2 -----------
2022-06-13 22:23:52 INFO     {'5': {'model': '/home/cass/PycharmProjects/ood_time/extract_rationales/models/factcheck_rationales/bert5.pt', 'f1': 0.47579930547239857, 'accuracy': 0.7660818713450293, 'loss': 28.82571506500244, 'ece-score': 0.06513864255090902}, 'mean-acc': 0.7660818713450293, 'std-acc': 0.0, 'mean-f1': 0.47579930547239857, 'std-f1': 0.0, 'mean-ece': 0.06513864255090902, 'std-ece': 0.0}
2022-06-13 22:23:58 INFO     Running on cuda : True
2022-06-13 22:23:58 INFO     config  : 
 ----------------------
2022-06-13 22:23:58 INFO     dataset : factcheck_rationales
2022-06-13 22:23:58 INFO     data_dir : /home/cass/PycharmProjects/ood_time/extract_rationales/datasets/factcheck_rationales/data/
2022-06-13 22:23:58 INFO     model_dir : /home/cass/PycharmProjects/ood_time/extract_rationales/models/factcheck_rationales/
2022-06-13 22:23:58 INFO     seed : 5
2022-06-13 22:23:58 INFO     evaluate_models : True
2022-06-13 22:23:58 INFO     inherently_faithful : None
2022-06-13 22:23:58 INFO     use_tasc : False
2022-06-13 22:23:58 INFO     importance_metric : None
2022-06-13 22:23:58 INFO     rationale_length : 0.2
2022-06-13 22:23:58 INFO     batch_size : 64
2022-06-13 22:23:58 INFO     lr_bert : 1e-05
2022-06-13 22:23:58 INFO     lr_classifier : 0.0001
2022-06-13 22:23:58 INFO     model : bert-base-uncased
2022-06-13 22:23:58 INFO     ood_dataset_1 : factcheck_rationales_ood1
2022-06-13 22:23:58 INFO     ood_dataset_2 : factcheck_rationales_ood2
2022-06-13 22:23:58 INFO     epochs : 5
2022-06-13 22:23:58 INFO     model_abbreviation : bert
2022-06-13 22:23:58 INFO     evaluation_dir : None
2022-06-13 22:23:58 INFO     extracted_rationale_dir : None
2022-06-13 22:23:58 INFO     query : False
2022-06-13 22:23:58 INFO     stage_of_proj : train
2022-06-13 22:23:58 INFO     ood_rat_1 : 0.2
2022-06-13 22:23:58 INFO     ood_rat_2 : 0.2
2022-06-13 22:23:58 INFO     embed_model : None
2022-06-13 22:23:58 INFO     
 ----------------------
2022-06-13 22:24:00 INFO     -------------------------------------
2022-06-13 22:24:00 INFO     evaluating trained models
2022-06-13 22:24:04 INFO     Loading model: /home/cass/PycharmProjects/ood_time/extract_rationales/models/factcheck_rationales/bert5.pt
2022-06-13 22:24:05 INFO     Seed: '5' -- Test loss: '16.737' -- Test accuracy: '0.492'
2022-06-13 22:24:06 INFO      ----------- in domain -----------
2022-06-13 22:24:06 INFO     {'5': {'model': '/home/cass/PycharmProjects/ood_time/extract_rationales/models/factcheck_rationales/bert5.pt', 'f1': 0.4916450055699963, 'accuracy': 0.9671292914536158, 'loss': 16.737008701671254, 'ece-score': 0.17266885240727575}, 'mean-acc': 0.9671292914536158, 'std-acc': 0.0, 'mean-f1': 0.4916450055699963, 'std-f1': 0.0, 'mean-ece': 0.17266885240727575, 'std-ece': 0.0}
2022-06-13 22:24:06 INFO     **** Loading dataset OOD --> factcheck_rationales_ood1
2022-06-13 22:24:07 INFO     -------------------------------------
2022-06-13 22:24:07 INFO     evaluating trained models
2022-06-13 22:24:08 INFO     Loading model: /home/cass/PycharmProjects/ood_time/extract_rationales/models/factcheck_rationales/bert5.pt
2022-06-13 22:24:10 INFO     Seed: '5' -- Test loss: '29.515' -- Test accuracy: '0.456'
2022-06-13 22:24:10 INFO      ----------- OOD1 -----------
2022-06-13 22:24:10 INFO     {'5': {'model': '/home/cass/PycharmProjects/ood_time/extract_rationales/models/factcheck_rationales/bert5.pt', 'f1': 0.45577988738839126, 'accuracy': 0.8238304093567251, 'loss': 29.51481160250577, 'ece-score': 0.07120118952459757}, 'mean-acc': 0.8238304093567251, 'std-acc': 0.0, 'mean-f1': 0.45577988738839126, 'std-f1': 0.0, 'mean-ece': 0.07120118952459757, 'std-ece': 0.0}
2022-06-13 22:24:10 INFO     **** Loading dataset OOD --> factcheck_rationales_ood2
2022-06-13 22:24:11 INFO     -------------------------------------
2022-06-13 22:24:11 INFO     evaluating trained models
2022-06-13 22:24:12 INFO     Loading model: /home/cass/PycharmProjects/ood_time/extract_rationales/models/factcheck_rationales/bert5.pt
2022-06-13 22:24:14 INFO     Seed: '5' -- Test loss: '36.895' -- Test accuracy: '0.443'
2022-06-13 22:24:14 INFO      ----------- OOD2 -----------
2022-06-13 22:24:14 INFO     {'5': {'model': '/home/cass/PycharmProjects/ood_time/extract_rationales/models/factcheck_rationales/bert5.pt', 'f1': 0.4427547708972498, 'accuracy': 0.7580409356725146, 'loss': 36.89528075131503, 'ece-score': 0.10118912827027472}, 'mean-acc': 0.7580409356725146, 'std-acc': 0.0, 'mean-f1': 0.4427547708972498, 'std-f1': 0.0, 'mean-ece': 0.10118912827027472, 'std-ece': 0.0}
