2022-04-30 07:54:18 INFO     Running on cuda : False
2022-04-30 07:54:18 INFO     config  : 
 ----------------------
2022-04-30 07:54:18 INFO     dataset : complain_full
2022-04-30 07:54:18 INFO     data_dir : /jmain02/home/J2AD003/txk58/zxz22-txk58/extract_rationales/extract_rationales/datasets/complain_full/data/
2022-04-30 07:54:18 INFO     model_dir : /jmain02/home/J2AD003/txk58/zxz22-txk58/extract_rationales/extract_rationales/ft_model/complain_full/
2022-04-30 07:54:18 INFO     seed : 5
2022-04-30 07:54:18 INFO     evaluate_models : False
2022-04-30 07:54:18 INFO     inherently_faithful : full_lstm
2022-04-30 07:54:18 INFO     use_tasc : False
2022-04-30 07:54:18 INFO     importance_metric : None
2022-04-30 07:54:18 INFO     rationale_length : 0.2
2022-04-30 07:54:18 INFO     batch_size : 16
2022-04-30 07:54:18 INFO     lr_bert : 1e-05
2022-04-30 07:54:18 INFO     lr_classifier : 5e-06
2022-04-30 07:54:18 INFO     model : bert-base-uncased
2022-04-30 07:54:18 INFO     ood_dataset_1 : complain_ood1
2022-04-30 07:54:18 INFO     ood_dataset_2 : complain_ood2
2022-04-30 07:54:18 INFO     epochs : 5
2022-04-30 07:54:18 INFO     model_abbreviation : full_lstm-bert
2022-04-30 07:54:18 INFO     evaluation_dir : None
2022-04-30 07:54:18 INFO     extracted_rationale_dir : None
2022-04-30 07:54:18 INFO     query : False
2022-04-30 07:54:18 INFO     stage_of_proj : train
2022-04-30 07:54:18 INFO     ood_rat_1 : 0.2
2022-04-30 07:54:18 INFO     ood_rat_2 : 0.2
2022-04-30 07:54:18 INFO     embed_model : glove.840B.300d
2022-04-30 07:54:18 INFO     
 ----------------------
2022-04-30 07:54:21 INFO     model is  : 
 ----------------------
2022-04-30 07:54:21 INFO     full_lstm
2022-04-30 07:54:21 INFO     0.05
2022-04-30 07:54:21 INFO     ***************************************
2022-04-30 07:54:21 INFO     Training on seed 5
2022-04-30 07:54:21 INFO     *saving checkpoint every 45 iterations
2022-04-30 07:54:51 INFO     *** epoch - 1 | train loss - 9.49 | dev f1 - 0.557 | dev loss - 9.24
2022-04-30 07:55:21 INFO     *** epoch - 2 | train loss - 6.2 | dev f1 - 0.638 | dev loss - 10.19
2022-04-30 07:55:50 INFO     *** epoch - 3 | train loss - 4.4 | dev f1 - 0.625 | dev loss - 12.09
2022-04-30 07:56:18 INFO     *** epoch - 4 | train loss - 2.57 | dev f1 - 0.662 | dev loss - 12.14
2022-04-30 07:56:47 INFO     *** epoch - 5 | train loss - 1.69 | dev f1 - 0.756 | dev loss - 10.43
2022-04-30 07:56:47 INFO     0.01
2022-04-30 07:56:47 INFO     ***************************************
2022-04-30 07:56:47 INFO     Training on seed 5
2022-04-30 07:56:47 INFO     *saving checkpoint every 45 iterations
2022-04-30 07:57:17 INFO     *** epoch - 1 | train loss - 9.49 | dev f1 - 0.557 | dev loss - 9.24
2022-04-30 07:57:29 INFO     *** epoch - 2 | train loss - 6.2 | dev f1 - 0.638 | dev loss - 10.19
2022-04-30 07:57:41 INFO     *** epoch - 3 | train loss - 4.4 | dev f1 - 0.625 | dev loss - 12.09
2022-04-30 07:57:53 INFO     *** epoch - 4 | train loss - 2.57 | dev f1 - 0.662 | dev loss - 12.14
2022-04-30 07:58:05 INFO     *** epoch - 5 | train loss - 1.69 | dev f1 - 0.756 | dev loss - 10.43
2022-04-30 07:58:05 INFO     0.005
2022-04-30 07:58:05 INFO     ***************************************
2022-04-30 07:58:05 INFO     Training on seed 5
2022-04-30 07:58:05 INFO     *saving checkpoint every 45 iterations
2022-04-30 07:58:17 INFO     *** epoch - 1 | train loss - 9.49 | dev f1 - 0.557 | dev loss - 9.24
2022-04-30 07:58:29 INFO     *** epoch - 2 | train loss - 6.2 | dev f1 - 0.638 | dev loss - 10.19
2022-04-30 07:58:40 INFO     *** epoch - 3 | train loss - 4.4 | dev f1 - 0.625 | dev loss - 12.09
2022-04-30 07:58:52 INFO     *** epoch - 4 | train loss - 2.57 | dev f1 - 0.662 | dev loss - 12.14
2022-04-30 07:59:03 INFO     *** epoch - 5 | train loss - 1.69 | dev f1 - 0.756 | dev loss - 10.43
2022-04-30 07:59:04 INFO     0.001
2022-04-30 07:59:04 INFO     ***************************************
2022-04-30 07:59:04 INFO     Training on seed 5
2022-04-30 07:59:04 INFO     *saving checkpoint every 45 iterations
2022-04-30 07:59:15 INFO     *** epoch - 1 | train loss - 9.49 | dev f1 - 0.557 | dev loss - 9.24
2022-04-30 07:59:27 INFO     *** epoch - 2 | train loss - 6.2 | dev f1 - 0.638 | dev loss - 10.19
2022-04-30 07:59:39 INFO     *** epoch - 3 | train loss - 4.4 | dev f1 - 0.625 | dev loss - 12.09
2022-04-30 07:59:51 INFO     *** epoch - 4 | train loss - 2.57 | dev f1 - 0.662 | dev loss - 12.14
2022-04-30 08:00:03 INFO     *** epoch - 5 | train loss - 1.69 | dev f1 - 0.756 | dev loss - 10.43
2022-04-30 08:00:03 INFO     0.0001
2022-04-30 08:00:03 INFO     ***************************************
2022-04-30 08:00:03 INFO     Training on seed 5
2022-04-30 08:00:03 INFO     *saving checkpoint every 45 iterations
2022-04-30 08:00:15 INFO     *** epoch - 1 | train loss - 9.49 | dev f1 - 0.557 | dev loss - 9.24
2022-04-30 08:00:27 INFO     *** epoch - 2 | train loss - 6.2 | dev f1 - 0.638 | dev loss - 10.19
2022-04-30 08:00:39 INFO     *** epoch - 3 | train loss - 4.4 | dev f1 - 0.625 | dev loss - 12.09
2022-04-30 08:00:51 INFO     *** epoch - 4 | train loss - 2.57 | dev f1 - 0.662 | dev loss - 12.14
2022-04-30 08:01:03 INFO     *** epoch - 5 | train loss - 1.69 | dev f1 - 0.756 | dev loss - 10.43
2022-04-30 08:01:03 INFO     0.0005
2022-04-30 08:01:03 INFO     ***************************************
2022-04-30 08:01:03 INFO     Training on seed 5
2022-04-30 08:01:03 INFO     *saving checkpoint every 45 iterations
2022-04-30 08:01:15 INFO     *** epoch - 1 | train loss - 9.49 | dev f1 - 0.557 | dev loss - 9.24
2022-04-30 08:01:27 INFO     *** epoch - 2 | train loss - 6.2 | dev f1 - 0.638 | dev loss - 10.19
2022-04-30 08:01:38 INFO     *** epoch - 3 | train loss - 4.4 | dev f1 - 0.625 | dev loss - 12.09
2022-04-30 08:01:50 INFO     *** epoch - 4 | train loss - 2.57 | dev f1 - 0.662 | dev loss - 12.14
2022-04-30 08:02:03 INFO     *** epoch - 5 | train loss - 1.69 | dev f1 - 0.756 | dev loss - 10.43
2022-04-30 08:02:03 INFO     1e-05
2022-04-30 08:02:03 INFO     ***************************************
2022-04-30 08:02:03 INFO     Training on seed 5
2022-04-30 08:02:03 INFO     *saving checkpoint every 45 iterations
2022-04-30 08:02:15 INFO     *** epoch - 1 | train loss - 9.49 | dev f1 - 0.557 | dev loss - 9.24
2022-04-30 08:02:27 INFO     *** epoch - 2 | train loss - 6.2 | dev f1 - 0.638 | dev loss - 10.19
2022-04-30 08:02:39 INFO     *** epoch - 3 | train loss - 4.4 | dev f1 - 0.625 | dev loss - 12.09
2022-04-30 08:02:51 INFO     *** epoch - 4 | train loss - 2.57 | dev f1 - 0.662 | dev loss - 12.14
2022-04-30 08:03:03 INFO     *** epoch - 5 | train loss - 1.69 | dev f1 - 0.756 | dev loss - 10.43
