2022-06-01 09:43:28 INFO     Running on cuda : True
2022-06-01 09:43:28 INFO     config  : 
 ----------------------
2022-06-01 09:43:28 INFO     dataset : yelp
2022-06-01 09:43:28 INFO     data_dir : /home/cass/PycharmProjects/ood_time/extract_rationales/datasets/yelp/data/
2022-06-01 09:43:28 INFO     model_dir : /home/cass/PycharmProjects/ood_time/extract_rationales/ft_kuma/yelp/
2022-06-01 09:43:28 INFO     seed : 412
2022-06-01 09:43:28 INFO     evaluate_models : False
2022-06-01 09:43:28 INFO     inherently_faithful : kuma
2022-06-01 09:43:28 INFO     use_tasc : False
2022-06-01 09:43:28 INFO     importance_metric : None
2022-06-01 09:43:28 INFO     rationale_length : 0.2
2022-06-01 09:43:28 INFO     batch_size : 8
2022-06-01 09:43:28 INFO     lr_bert : 1e-05
2022-06-01 09:43:28 INFO     lr_classifier : 0.0001
2022-06-01 09:43:28 INFO     model : bert-base-uncased
2022-06-01 09:43:28 INFO     ood_dataset_1 : yelp_ood1
2022-06-01 09:43:28 INFO     ood_dataset_2 : yelp_ood2
2022-06-01 09:43:28 INFO     epochs : 20
2022-06-01 09:43:28 INFO     model_abbreviation : kuma-bert
2022-06-01 09:43:28 INFO     evaluation_dir : None
2022-06-01 09:43:28 INFO     extracted_rationale_dir : None
2022-06-01 09:43:28 INFO     query : False
2022-06-01 09:43:28 INFO     stage_of_proj : train
2022-06-01 09:43:28 INFO     ood_rat_1 : 0.2
2022-06-01 09:43:28 INFO     ood_rat_2 : 0.2
2022-06-01 09:43:28 INFO     embed_model : glove.840B.300d
2022-06-01 09:43:28 INFO     
 ----------------------
2022-06-01 09:43:30 INFO     2022-06-01_09:43
2022-06-01 09:43:30 INFO     Finetune BERT for: yelp
2022-06-01 09:43:30 INFO     Finetune BERT for: yelp
2022-06-01 09:43:33 INFO     ***************************************
2022-06-01 09:43:33 INFO     Training on seed 412
2022-06-01 09:43:33 INFO     *saving checkpoint every 356 iterations
2022-06-01 09:43:33 INFO     +++++++++++++ epochs:  20
