2022-05-06 15:50:43 INFO     
        AmazPantry ----
2022-05-06 15:50:43 INFO     
        full
        mean -> 0.18406501234706343
        std ->  0.005053966792530535
        all ->  [0.18490484 0.19109223 0.18143833 0.18678316 0.1761065 ]
    
2022-05-06 15:50:44 INFO     
        InDomain
        mean -> 0.17939778435144899
        std ->  0.007354195657216596
        all ->  [0.18408644 0.16625054 0.17657312 0.18363359 0.18644524]
    
2022-05-06 15:50:45 INFO     
        ood1
        mean -> 0.18738933031820149
        std ->  0.007896233527057274
        all ->  [0.19186582 0.1742049  0.18369542 0.18989321 0.19728731]
    
2022-05-06 15:50:45 INFO     
        ood2
        mean -> 0.19612557046876658
        std ->  0.007623177033235951
        all ->  [0.20222061 0.18263515 0.19308613 0.19937545 0.20331051]
    
