2022-05-11 23:07:59 INFO     
        healthfact ----
2022-05-11 23:36:38 INFO     
        healthfact ----
2022-05-13 09:49:52 INFO     
        healthfact ----
2022-05-14 07:49:20 INFO     
        healthfact ----
2022-05-18 06:27:17 INFO     
        healthfact ----
2022-05-18 06:27:17 INFO     
        full
        mean -> 0.9999359494965792
        std ->  0.0
        all ->  [0.99993595 0.99993595 0.99993595 0.99993595 0.99993595]
    
2022-05-18 06:27:17 INFO     
        InDomain
        mean -> 0.9840502471778496
        std ->  0.030856051669220407
        all ->  [0.99991997 0.99991997 0.99991997 0.92235359 0.99813774]
    
2022-05-18 06:27:17 INFO     
        ood1
        mean -> 0.9911220016376984
        std ->  0.017099046390637477
        all ->  [1.         1.         0.99937619 0.95692903 0.99930479]
    
2022-05-18 06:27:17 INFO     
        ood2
        mean -> 0.9890775097325373
        std ->  0.021794517455145882
        all ->  [1.         1.         1.         0.94548855 0.999899  ]
    
