2022-05-06 15:43:48 INFO     
        binarybragging ----
2022-05-06 15:43:48 INFO     
        full
        mean -> 0.8755998923416574
        std ->  0.16737472789325103
        all ->  [0.8555825  0.99517043 0.55764083 0.99938286 0.97022283]
    
2022-05-06 15:43:48 INFO     
        InDomain
        mean -> 0.8042612734203469
        std ->  0.1924585131934041
        all ->  [0.90130293 0.61438127 0.9993968  0.97268007 0.5335453 ]
    
2022-05-06 15:43:48 INFO     
        ood1
        mean -> 0.8016516337123564
        std ->  0.1933461194076957
        all ->  [0.89652555 0.59063568 0.99977074 0.97370478 0.54762142]
    
2022-05-06 15:43:48 INFO     
        ood2
        mean -> 0.8079409115147245
        std ->  0.18834366477433093
        all ->  [0.89862358 0.61740529 0.99912274 0.9768907  0.54766224]
    
