2022-05-07 19:39:08 INFO     
        complain_full ----
2022-05-07 20:14:21 INFO     
        complain_full ----
2022-05-07 20:14:21 INFO     
        InDomain
        mean -> 0.7840963550957037
        std ->  0.14872569645432993
        all ->  [0.55597865 0.82208238 0.96439331 0.678197   0.89983044]
    
2022-05-07 20:44:05 INFO     
        complain_full ----
2022-05-07 20:44:05 INFO     
        InDomain
        mean -> 0.7055276448534027
        std ->  0.1973981888856901
        all ->  [0.51720829 0.47158573 0.96410669 0.67696458 0.89777293]
    
2022-05-07 20:57:47 INFO     
        complain_full ----
2022-05-07 20:57:47 INFO     
        InDomain
        mean -> 0.7055276448534027
        std ->  0.1973981888856901
        all ->  [0.51720829 0.47158573 0.96410669 0.67696458 0.89777293]
    
2022-05-07 21:14:54 INFO     
        complain_full ----
2022-05-07 21:14:54 INFO     
        InDomain
        mean -> 0.7134852017845349
        std ->  0.18968183201560937
        all ->  [0.53792176 0.48892438 0.96410669 0.67719779 0.89927538]
    
2022-05-07 21:32:26 INFO     
        complain_full ----
2022-05-07 21:32:26 INFO     
        InDomain
        mean -> 0.6951912572791625
        std ->  0.20789672339962412
        all ->  [0.48838115 0.45004087 0.96410669 0.6767869  0.89664068]
    
2022-05-07 22:21:17 INFO     
        complain_full ----
2022-05-07 22:21:17 INFO     
        InDomain
        mean -> 0.5621678080475605
        std ->  0.31596613119832756
        all ->  [0.169293   0.21617394 0.96396318 0.67213025 0.78927867]
    
2022-05-07 22:33:18 INFO     
        complain_full ----
2022-05-07 22:33:18 INFO     
        InDomain
        mean -> 0.38897504581985765
        std ->  0.3622375587635283
        all ->  [0.09043829 0.16984455 0.96304071 0.66720372 0.05434796]
    
2022-05-07 22:43:27 INFO     
        complain_full ----
2022-05-07 22:43:27 INFO     
        InDomain
        mean -> 0.5811521396673276
        std ->  0.2998934965240641
        all ->  [0.08771322 0.43012924 0.96458969 0.6777565  0.74557205]
    
2022-05-08 10:07:47 INFO     
        complain_full ----
2022-05-08 10:07:47 INFO     
        InDomain
        mean -> 0.3867675238646596
        std ->  0.3640729426028917
        all ->  [0.07894462 0.16984455 0.96304071 0.66720372 0.05480401]
    
2022-05-08 10:21:56 INFO     
        complain_full ----
2022-05-08 10:21:56 INFO     
        InDomain
        mean -> 0.38897504581985765
        std ->  0.3622375587635283
        all ->  [0.09043829 0.16984455 0.96304071 0.66720372 0.05434796]
    
2022-05-08 10:59:19 INFO     
        complain_full ----
2022-05-08 10:59:20 INFO     
        InDomain
        mean -> 0.39403608149081687
        std ->  0.358140370658649
        all ->  [0.08787747 0.18479517 0.96284432 0.66636241 0.06830103]
    
2022-05-08 13:03:29 INFO     
        complain_full ----
2022-05-08 13:03:29 INFO     
        InDomain
        mean -> 0.39634439010710903
        std ->  0.3561397856020702
        all ->  [0.08981205 0.18771833 0.96271106 0.66621316 0.07526735]
    
2022-05-08 13:23:43 INFO     
        complain_full ----
2022-05-08 13:23:43 INFO     
        InDomain
        mean -> 0.3973227370089634
        std ->  0.35536450780184137
        all ->  [0.09170291 0.18916286 0.96271106 0.66621316 0.07682369]
    
2022-05-08 13:45:54 INFO     
        complain_full ----
2022-05-08 13:45:54 INFO     
        InDomain
        mean -> 0.3978357473540633
        std ->  0.35486173858197145
        all ->  [0.09225743 0.18967419 0.96271106 0.66597995 0.0785561 ]
    
