2022-06-01 06:33:05 INFO     Running on cuda : True
2022-06-01 06:33:05 INFO     config  : 
 ----------------------
2022-06-01 06:33:05 INFO     dataset : yelp
2022-06-01 06:33:05 INFO     data_dir : /home/cass/PycharmProjects/ood_time/extract_rationales/datasets/yelp/data/
2022-06-01 06:33:05 INFO     model_dir : /home/cass/PycharmProjects/ood_time/extract_rationales/ft_kuma/yelp/
2022-06-01 06:33:05 INFO     seed : 412
2022-06-01 06:33:05 INFO     evaluate_models : False
2022-06-01 06:33:05 INFO     inherently_faithful : kuma
2022-06-01 06:33:05 INFO     use_tasc : False
2022-06-01 06:33:05 INFO     importance_metric : None
2022-06-01 06:33:05 INFO     rationale_length : 0.2
2022-06-01 06:33:05 INFO     batch_size : 8
2022-06-01 06:33:05 INFO     lr_bert : 1e-05
2022-06-01 06:33:05 INFO     lr_classifier : 0.0001
2022-06-01 06:33:05 INFO     model : bert-base-uncased
2022-06-01 06:33:05 INFO     ood_dataset_1 : yelp_ood1
2022-06-01 06:33:05 INFO     ood_dataset_2 : yelp_ood2
2022-06-01 06:33:05 INFO     epochs : 20
2022-06-01 06:33:05 INFO     model_abbreviation : kuma-bert
2022-06-01 06:33:05 INFO     evaluation_dir : None
2022-06-01 06:33:05 INFO     extracted_rationale_dir : None
2022-06-01 06:33:05 INFO     query : False
2022-06-01 06:33:05 INFO     stage_of_proj : train
2022-06-01 06:33:05 INFO     ood_rat_1 : 0.2
2022-06-01 06:33:05 INFO     ood_rat_2 : 0.2
2022-06-01 06:33:05 INFO     embed_model : glove.840B.300d
2022-06-01 06:33:05 INFO     
 ----------------------
2022-06-01 06:33:06 INFO     2022-06-01_06:33
2022-06-01 06:33:06 INFO     Finetune BERT for: yelp
2022-06-01 06:33:06 INFO     Finetune BERT for: yelp
2022-06-01 06:33:09 INFO     ***************************************
2022-06-01 06:33:09 INFO     Training on seed 412
2022-06-01 06:33:09 INFO     *saving checkpoint every 356 iterations
2022-06-01 06:33:09 INFO     +++++++++++++ epochs:  20
2022-06-01 06:33:55 INFO     *** epoch - 1 | train loss - 12.57 | dev f1 - 0.111 | dev loss - 11.43
2022-06-01 06:34:38 INFO     *** epoch - 2 | train loss - 11.41 | dev f1 - 0.111 | dev loss - 11.45
2022-06-01 06:35:23 INFO     *** epoch - 3 | train loss - 11.47 | dev f1 - 0.111 | dev loss - 11.48
2022-06-01 06:36:06 INFO     *** epoch - 4 | train loss - 11.47 | dev f1 - 0.111 | dev loss - 11.48
2022-06-01 06:36:50 INFO     *** epoch - 5 | train loss - 11.47 | dev f1 - 0.111 | dev loss - 11.47
2022-06-01 06:37:34 INFO     *** epoch - 6 | train loss - 11.47 | dev f1 - 0.111 | dev loss - 11.47
2022-06-01 06:38:18 INFO     *** epoch - 7 | train loss - 11.47 | dev f1 - 0.111 | dev loss - 11.47
2022-06-01 06:39:02 INFO     *** epoch - 8 | train loss - 11.42 | dev f1 - 0.111 | dev loss - 11.47
2022-06-01 06:39:46 INFO     *** epoch - 9 | train loss - 11.29 | dev f1 - 0.111 | dev loss - 11.23
2022-06-01 06:40:30 INFO     *** epoch - 10 | train loss - 11.0 | dev f1 - 0.111 | dev loss - 11.17
2022-06-01 06:41:14 INFO     *** epoch - 11 | train loss - 10.75 | dev f1 - 0.115 | dev loss - 10.73
2022-06-01 06:41:58 INFO     *** epoch - 12 | train loss - 10.66 | dev f1 - 0.116 | dev loss - 10.9
2022-06-01 06:42:42 INFO     *** epoch - 13 | train loss - 10.77 | dev f1 - 0.112 | dev loss - 10.93
2022-06-01 06:43:26 INFO     *** epoch - 14 | train loss - 10.6 | dev f1 - 0.112 | dev loss - 10.8
2022-06-01 06:44:10 INFO     *** epoch - 15 | train loss - 10.5 | dev f1 - 0.184 | dev loss - 10.67
2022-06-01 06:44:54 INFO     *** epoch - 16 | train loss - 10.41 | dev f1 - 0.188 | dev loss - 10.65
2022-06-01 06:45:39 INFO     *** epoch - 17 | train loss - 10.37 | dev f1 - 0.194 | dev loss - 10.57
2022-06-01 06:46:24 INFO     *** epoch - 18 | train loss - 10.28 | dev f1 - 0.19 | dev loss - 10.54
2022-06-01 06:47:11 INFO     *** epoch - 19 | train loss - 10.19 | dev f1 - 0.189 | dev loss - 10.57
2022-06-01 06:47:57 INFO     *** epoch - 20 | train loss - 10.13 | dev f1 - 0.199 | dev loss - 10.29
2022-06-01 06:47:57 INFO     
        yelp ----
2022-06-01 06:47:57 INFO     
        InDomain
        mean -> 0.1285378745558824
        std ->  0.0
        all ->  0.1285378745558824
    
