2022-05-06 15:50:18 INFO     
        AmazDigiMu ----
2022-05-06 15:50:19 INFO     
        full
        mean -> 0.1897364212595428
        std ->  0.005006885981780942
        all ->  [0.18895742 0.19230484 0.19503983 0.18049524 0.19188477]
    
2022-05-06 19:32:37 INFO     
        AmazDigiMu ----
2022-05-06 19:36:23 INFO     
        AmazDigiMu ----
2022-05-06 19:39:06 INFO     
        AmazDigiMu ----
2022-05-06 19:39:06 INFO     
        full
        mean -> 0.1897364212595428
        std ->  0.005006885981780942
        all ->  [0.18895742 0.19230484 0.19503983 0.18049524 0.19188477]
    
2022-05-06 19:39:06 INFO     
        InDomain
        mean -> 0.1815489058250363
        std ->  0.015802396139061474
        all ->  [0.18452371 0.15606272 0.18349192 0.17814222 0.20552395]
    
2022-05-06 19:39:07 INFO     
        ood1
        mean -> 0.1868101948233923
        std ->  0.03032148469439976
        all ->  [0.20786738 0.15177098 0.20296251 0.14923835 0.22221175]
    
2022-05-06 19:39:07 INFO     
        ood2
        mean -> 0.1863810255262759
        std ->  0.03151838290603014
        all ->  [0.20916933 0.15341003 0.20422388 0.14373766 0.22136423]
    
