2022-06-01 10:21:17 INFO     Running on cuda : True
2022-06-01 10:21:17 INFO     config  : 
 ----------------------
2022-06-01 10:21:17 INFO     dataset : yelp
2022-06-01 10:21:17 INFO     data_dir : /home/cass/PycharmProjects/ood_time/extract_rationales/datasets/yelp/data/
2022-06-01 10:21:17 INFO     model_dir : /home/cass/PycharmProjects/ood_time/extract_rationales/ft_kuma/yelp/
2022-06-01 10:21:17 INFO     seed : 412
2022-06-01 10:21:17 INFO     evaluate_models : False
2022-06-01 10:21:17 INFO     inherently_faithful : kuma
2022-06-01 10:21:17 INFO     use_tasc : False
2022-06-01 10:21:17 INFO     importance_metric : None
2022-06-01 10:21:17 INFO     rationale_length : 0.2
2022-06-01 10:21:17 INFO     batch_size : 8
2022-06-01 10:21:17 INFO     lr_bert : 1e-05
2022-06-01 10:21:17 INFO     lr_classifier : 0.0001
2022-06-01 10:21:17 INFO     model : bert-base-uncased
2022-06-01 10:21:17 INFO     ood_dataset_1 : yelp_ood1
2022-06-01 10:21:17 INFO     ood_dataset_2 : yelp_ood2
2022-06-01 10:21:17 INFO     epochs : 20
2022-06-01 10:21:17 INFO     model_abbreviation : kuma-bert
2022-06-01 10:21:17 INFO     evaluation_dir : None
2022-06-01 10:21:17 INFO     extracted_rationale_dir : None
2022-06-01 10:21:17 INFO     query : False
2022-06-01 10:21:17 INFO     stage_of_proj : train
2022-06-01 10:21:17 INFO     ood_rat_1 : 0.2
2022-06-01 10:21:17 INFO     ood_rat_2 : 0.2
2022-06-01 10:21:17 INFO     embed_model : glove.840B.300d
2022-06-01 10:21:17 INFO     
 ----------------------
2022-06-01 10:21:19 INFO     2022-06-01_10:21
2022-06-01 10:21:19 INFO     Finetune BERT for: yelp
2022-06-01 10:21:19 INFO     Finetune BERT for: yelp
2022-06-01 10:21:21 INFO     ***************************************
2022-06-01 10:21:21 INFO     Training on seed 412
2022-06-01 10:21:21 INFO     *saving checkpoint every 356 iterations
2022-06-01 10:21:21 INFO     +++++++++++++ epochs:  20
2022-06-01 10:22:03 INFO     *** epoch - 1 | train loss - 12.51 | dev f1 - 0.111 | dev loss - 11.66
2022-06-01 10:22:42 INFO     *** epoch - 2 | train loss - 11.49 | dev f1 - 0.111 | dev loss - 11.49
2022-06-01 10:23:22 INFO     *** epoch - 3 | train loss - 11.48 | dev f1 - 0.111 | dev loss - 11.48
2022-06-01 10:24:02 INFO     *** epoch - 4 | train loss - 11.47 | dev f1 - 0.111 | dev loss - 11.48
2022-06-01 10:24:41 INFO     *** epoch - 5 | train loss - 11.46 | dev f1 - 0.111 | dev loss - 11.48
2022-06-01 10:25:22 INFO     *** epoch - 6 | train loss - 11.4 | dev f1 - 0.111 | dev loss - 11.44
2022-06-01 10:26:01 INFO     *** epoch - 7 | train loss - 11.18 | dev f1 - 0.111 | dev loss - 10.99
2022-06-01 10:26:41 INFO     *** epoch - 8 | train loss - 10.8 | dev f1 - 0.111 | dev loss - 10.76
2022-06-01 10:27:21 INFO     *** epoch - 9 | train loss - 10.73 | dev f1 - 0.111 | dev loss - 11.12
2022-06-01 10:28:01 INFO     *** epoch - 10 | train loss - 10.76 | dev f1 - 0.111 | dev loss - 10.91
2022-06-01 10:28:41 INFO     *** epoch - 11 | train loss - 10.58 | dev f1 - 0.112 | dev loss - 10.73
2022-06-01 10:29:20 INFO     *** epoch - 12 | train loss - 10.5 | dev f1 - 0.175 | dev loss - 10.66
2022-06-01 10:30:01 INFO     *** epoch - 13 | train loss - 10.43 | dev f1 - 0.19 | dev loss - 10.58
2022-06-01 10:30:41 INFO     *** epoch - 14 | train loss - 10.36 | dev f1 - 0.189 | dev loss - 10.52
2022-06-01 10:31:20 INFO     *** epoch - 15 | train loss - 10.35 | dev f1 - 0.187 | dev loss - 10.53
2022-06-01 10:32:00 INFO     *** epoch - 16 | train loss - 10.26 | dev f1 - 0.197 | dev loss - 10.45
2022-06-01 10:32:39 INFO     *** epoch - 17 | train loss - 10.16 | dev f1 - 0.195 | dev loss - 10.36
2022-06-01 10:33:18 INFO     *** epoch - 18 | train loss - 10.08 | dev f1 - 0.193 | dev loss - 10.37
2022-06-01 10:33:58 INFO     *** epoch - 19 | train loss - 9.97 | dev f1 - 0.199 | dev loss - 10.47
2022-06-01 10:34:37 INFO     *** epoch - 20 | train loss - 9.89 | dev f1 - 0.198 | dev loss - 10.34
2022-06-01 10:34:37 INFO     
        yelp ----
2022-06-01 10:34:37 INFO     
        InDomain
        mean -> 0.15505123059755171
        std ->  0.0
        all ->  0.15505123059755171
    
