2022-05-06 15:51:26 INFO     
        AmazInstr ----
2022-05-06 15:51:27 INFO     
        full
        mean -> 0.17459741703263498
        std ->  0.015920661320965986
        all ->  [0.14867059 0.16403357 0.18508936 0.19180953 0.18338404]
    
2022-05-06 15:51:29 INFO     
        InDomain
        mean -> 0.17287238677197142
        std ->  0.006511754316026594
        all ->  [0.17723263 0.17735484 0.17942191 0.16757982 0.16277273]
    
2022-05-06 15:51:30 INFO     
        ood1
        mean -> 0.18041647971985822
        std ->  0.008546430338216155
        all ->  [0.18270321 0.19321433 0.18434259 0.17071659 0.17110568]
    
2022-05-06 15:51:31 INFO     
        ood2
        mean -> 0.19130890834874417
        std ->  0.005949436101306593
        all ->  [0.19659548 0.19527026 0.19652797 0.18492791 0.18322292]
    
2022-05-06 19:41:33 INFO     
        AmazInstr ----
2022-05-06 19:41:34 INFO     
        full
        mean -> 0.17459741703263498
        std ->  0.015920661320965986
        all ->  [0.14867059 0.16403357 0.18508936 0.19180953 0.18338404]
    
2022-05-06 19:41:35 INFO     
        InDomain
        mean -> 0.17287238677197142
        std ->  0.006511754316026594
        all ->  [0.17723263 0.17735484 0.17942191 0.16757982 0.16277273]
    
2022-05-06 19:41:37 INFO     
        ood1
        mean -> 0.18041647971985822
        std ->  0.008546430338216155
        all ->  [0.18270321 0.19321433 0.18434259 0.17071659 0.17110568]
    
2022-05-06 19:41:38 INFO     
        ood2
        mean -> 0.19130890834874417
        std ->  0.005949436101306593
        all ->  [0.19659548 0.19527026 0.19652797 0.18492791 0.18322292]
    
