2022-04-30 11:06:10 INFO     Running on cuda : False
2022-04-30 11:06:10 INFO     config  : 
 ----------------------
2022-04-30 11:06:10 INFO     dataset : complain_full
2022-04-30 11:06:10 INFO     data_dir : /jmain02/home/J2AD003/txk58/zxz22-txk58/extract_rationales/extract_rationales/datasets/complain_full/data/
2022-04-30 11:06:10 INFO     model_dir : /jmain02/home/J2AD003/txk58/zxz22-txk58/extract_rationales/extract_rationales/ft_model/complain_full/
2022-04-30 11:06:10 INFO     seed : 5
2022-04-30 11:06:10 INFO     evaluate_models : False
2022-04-30 11:06:10 INFO     inherently_faithful : full_lstm
2022-04-30 11:06:10 INFO     use_tasc : False
2022-04-30 11:06:10 INFO     importance_metric : None
2022-04-30 11:06:10 INFO     rationale_length : 0.2
2022-04-30 11:06:10 INFO     batch_size : 16
2022-04-30 11:06:10 INFO     lr_bert : 1e-05
2022-04-30 11:06:10 INFO     lr_classifier : 5e-06
2022-04-30 11:06:10 INFO     model : bert-base-uncased
2022-04-30 11:06:10 INFO     ood_dataset_1 : complain_ood1
2022-04-30 11:06:10 INFO     ood_dataset_2 : complain_ood2
2022-04-30 11:06:10 INFO     epochs : 5
2022-04-30 11:06:10 INFO     model_abbreviation : full_lstm-bert
2022-04-30 11:06:10 INFO     evaluation_dir : None
2022-04-30 11:06:10 INFO     extracted_rationale_dir : None
2022-04-30 11:06:10 INFO     query : False
2022-04-30 11:06:10 INFO     stage_of_proj : train
2022-04-30 11:06:10 INFO     ood_rat_1 : 0.2
2022-04-30 11:06:10 INFO     ood_rat_2 : 0.2
2022-04-30 11:06:10 INFO     embed_model : glove.840B.300d
2022-04-30 11:06:10 INFO     
 ----------------------
2022-04-30 11:06:31 INFO     model is  : 
 ----------------------
2022-04-30 11:06:31 INFO     full_lstm
2022-04-30 11:06:31 INFO     0.05
2022-04-30 11:06:32 INFO     ***************************************
2022-04-30 11:06:32 INFO     Training on seed 5
2022-04-30 11:06:32 INFO     *saving checkpoint every 45 iterations
2022-04-30 11:06:46 INFO     *** epoch - 1 | train loss - 9.49 | dev f1 - 0.557 | dev loss - 9.24
2022-04-30 11:06:57 INFO     *** epoch - 2 | train loss - 6.2 | dev f1 - 0.638 | dev loss - 10.19
2022-04-30 11:07:10 INFO     *** epoch - 3 | train loss - 4.4 | dev f1 - 0.625 | dev loss - 12.09
2022-04-30 11:07:21 INFO     *** epoch - 4 | train loss - 2.57 | dev f1 - 0.662 | dev loss - 12.14
2022-04-30 11:07:33 INFO     *** epoch - 5 | train loss - 1.69 | dev f1 - 0.756 | dev loss - 10.43
2022-04-30 11:07:33 INFO     0.01
2022-04-30 11:07:33 INFO     ***************************************
2022-04-30 11:07:33 INFO     Training on seed 5
2022-04-30 11:07:33 INFO     *saving checkpoint every 45 iterations
2022-04-30 11:07:45 INFO     *** epoch - 1 | train loss - 9.49 | dev f1 - 0.557 | dev loss - 9.24
2022-04-30 11:07:57 INFO     *** epoch - 2 | train loss - 6.2 | dev f1 - 0.638 | dev loss - 10.19
2022-04-30 11:08:09 INFO     *** epoch - 3 | train loss - 4.4 | dev f1 - 0.625 | dev loss - 12.09
2022-04-30 11:08:21 INFO     *** epoch - 4 | train loss - 2.57 | dev f1 - 0.662 | dev loss - 12.14
2022-04-30 11:08:33 INFO     *** epoch - 5 | train loss - 1.69 | dev f1 - 0.756 | dev loss - 10.43
2022-04-30 11:08:33 INFO     0.005
2022-04-30 11:08:33 INFO     ***************************************
2022-04-30 11:08:33 INFO     Training on seed 5
2022-04-30 11:08:33 INFO     *saving checkpoint every 45 iterations
2022-04-30 11:08:45 INFO     *** epoch - 1 | train loss - 9.49 | dev f1 - 0.557 | dev loss - 9.24
2022-04-30 11:08:57 INFO     *** epoch - 2 | train loss - 6.2 | dev f1 - 0.638 | dev loss - 10.19
2022-04-30 11:09:10 INFO     *** epoch - 3 | train loss - 4.4 | dev f1 - 0.625 | dev loss - 12.09
2022-04-30 11:09:21 INFO     *** epoch - 4 | train loss - 2.57 | dev f1 - 0.662 | dev loss - 12.14
2022-04-30 11:09:33 INFO     *** epoch - 5 | train loss - 1.69 | dev f1 - 0.756 | dev loss - 10.43
2022-04-30 11:09:33 INFO     0.001
2022-04-30 11:09:33 INFO     ***************************************
2022-04-30 11:09:33 INFO     Training on seed 5
2022-04-30 11:09:33 INFO     *saving checkpoint every 45 iterations
2022-04-30 11:09:45 INFO     *** epoch - 1 | train loss - 9.49 | dev f1 - 0.557 | dev loss - 9.24
2022-04-30 11:09:57 INFO     *** epoch - 2 | train loss - 6.2 | dev f1 - 0.638 | dev loss - 10.19
2022-04-30 11:10:09 INFO     *** epoch - 3 | train loss - 4.4 | dev f1 - 0.625 | dev loss - 12.09
2022-04-30 11:10:22 INFO     *** epoch - 4 | train loss - 2.57 | dev f1 - 0.662 | dev loss - 12.14
2022-04-30 11:10:34 INFO     *** epoch - 5 | train loss - 1.69 | dev f1 - 0.756 | dev loss - 10.43
2022-04-30 11:10:34 INFO     0.0001
2022-04-30 11:10:34 INFO     ***************************************
2022-04-30 11:10:34 INFO     Training on seed 5
2022-04-30 11:10:34 INFO     *saving checkpoint every 45 iterations
2022-04-30 11:10:46 INFO     *** epoch - 1 | train loss - 9.49 | dev f1 - 0.557 | dev loss - 9.24
2022-04-30 11:10:58 INFO     *** epoch - 2 | train loss - 6.2 | dev f1 - 0.638 | dev loss - 10.19
2022-04-30 11:11:10 INFO     *** epoch - 3 | train loss - 4.4 | dev f1 - 0.625 | dev loss - 12.09
2022-04-30 11:11:23 INFO     *** epoch - 4 | train loss - 2.57 | dev f1 - 0.662 | dev loss - 12.14
2022-04-30 11:11:35 INFO     *** epoch - 5 | train loss - 1.69 | dev f1 - 0.756 | dev loss - 10.43
2022-04-30 11:11:35 INFO     0.0005
2022-04-30 11:11:35 INFO     ***************************************
2022-04-30 11:11:35 INFO     Training on seed 5
2022-04-30 11:11:35 INFO     *saving checkpoint every 45 iterations
2022-04-30 11:11:47 INFO     *** epoch - 1 | train loss - 9.49 | dev f1 - 0.557 | dev loss - 9.24
2022-04-30 11:12:00 INFO     *** epoch - 2 | train loss - 6.2 | dev f1 - 0.638 | dev loss - 10.19
2022-04-30 11:12:12 INFO     *** epoch - 3 | train loss - 4.4 | dev f1 - 0.625 | dev loss - 12.09
2022-04-30 11:12:24 INFO     *** epoch - 4 | train loss - 2.57 | dev f1 - 0.662 | dev loss - 12.14
2022-04-30 11:12:36 INFO     *** epoch - 5 | train loss - 1.69 | dev f1 - 0.756 | dev loss - 10.43
2022-04-30 11:12:36 INFO     1e-05
2022-04-30 11:12:36 INFO     ***************************************
2022-04-30 11:12:36 INFO     Training on seed 5
2022-04-30 11:12:36 INFO     *saving checkpoint every 45 iterations
2022-04-30 11:12:48 INFO     *** epoch - 1 | train loss - 9.49 | dev f1 - 0.557 | dev loss - 9.24
2022-04-30 11:13:00 INFO     *** epoch - 2 | train loss - 6.2 | dev f1 - 0.638 | dev loss - 10.19
2022-04-30 11:13:12 INFO     *** epoch - 3 | train loss - 4.4 | dev f1 - 0.625 | dev loss - 12.09
2022-04-30 11:13:25 INFO     *** epoch - 4 | train loss - 2.57 | dev f1 - 0.662 | dev loss - 12.14
2022-04-30 11:13:37 INFO     *** epoch - 5 | train loss - 1.69 | dev f1 - 0.756 | dev loss - 10.43
