2022-05-17 06:32:43 INFO     Running on cuda : True
2022-05-17 06:32:43 INFO     config  : 
 ----------------------
2022-05-17 06:32:43 INFO     dataset : healthfact
2022-05-17 06:32:43 INFO     data_dir : /home/cass/PycharmProjects/ood_time/extract_rationales/datasets/healthfact/data/
2022-05-17 06:32:43 INFO     model_dir : /home/cass/PycharmProjects/ood_time/extract_rationales/models/healthfact/
2022-05-17 06:32:43 INFO     seed : 5
2022-05-17 06:32:43 INFO     evaluate_models : False
2022-05-17 06:32:43 INFO     inherently_faithful : None
2022-05-17 06:32:43 INFO     use_tasc : False
2022-05-17 06:32:43 INFO     importance_metric : None
2022-05-17 06:32:43 INFO     rationale_length : 0.2
2022-05-17 06:32:43 INFO     batch_size : 8
2022-05-17 06:32:43 INFO     lr_bert : 1e-05
2022-05-17 06:32:43 INFO     lr_classifier : 1e-05
2022-05-17 06:32:43 INFO     model : bert-base-uncased
2022-05-17 06:32:43 INFO     ood_dataset_1 : healthfact_ood1
2022-05-17 06:32:43 INFO     ood_dataset_2 : healthfact_ood2
2022-05-17 06:32:43 INFO     epochs : 10
2022-05-17 06:32:43 INFO     model_abbreviation : bert
2022-05-17 06:32:43 INFO     evaluation_dir : None
2022-05-17 06:32:43 INFO     extracted_rationale_dir : None
2022-05-17 06:32:43 INFO     query : False
2022-05-17 06:32:43 INFO     stage_of_proj : train
2022-05-17 06:32:43 INFO     ood_rat_1 : 0.2
2022-05-17 06:32:43 INFO     ood_rat_2 : 0.2
2022-05-17 06:32:43 INFO     embed_model : None
2022-05-17 06:32:43 INFO     
 ----------------------
2022-05-17 06:32:59 INFO     2022-05-17_06:32
2022-05-17 06:32:59 INFO     Finetune BERT for: healthfact
2022-05-17 06:32:59 INFO     Finetune BERT for: healthfact
