2022-04-29 23:50:26 INFO     Running on cuda : False
2022-04-29 23:50:26 INFO     config  : 
 ----------------------
2022-04-29 23:50:26 INFO     dataset : complain_full
2022-04-29 23:50:26 INFO     data_dir : /jmain02/home/J2AD003/txk58/zxz22-txk58/extract_rationales/extract_rationales/datasets/complain_full/data/
2022-04-29 23:50:26 INFO     model_dir : /jmain02/home/J2AD003/txk58/zxz22-txk58/extract_rationales/extract_rationales/models/complain_full/
2022-04-29 23:50:26 INFO     seed : None
2022-04-29 23:50:26 INFO     evaluate_models : False
2022-04-29 23:50:26 INFO     inherently_faithful : None
2022-04-29 23:50:26 INFO     use_tasc : False
2022-04-29 23:50:26 INFO     importance_metric : None
2022-04-29 23:50:26 INFO     rationale_length : 0.2
2022-04-29 23:50:26 INFO     batch_size : 64
2022-04-29 23:50:26 INFO     lr_bert : 5e-06
2022-04-29 23:50:26 INFO     lr_classifier : 5e-06
2022-04-29 23:50:26 INFO     model : bert-base-uncased
2022-04-29 23:50:26 INFO     ood_dataset_1 : complain_ood1
2022-04-29 23:50:26 INFO     ood_dataset_2 : complain_ood2
2022-04-29 23:50:26 INFO     epochs : 4
2022-04-29 23:50:26 INFO     model_abbreviation : bert
2022-04-29 23:50:26 INFO     evaluation_dir : None
2022-04-29 23:50:26 INFO     extracted_rationale_dir : None
2022-04-29 23:50:26 INFO     query : False
2022-04-29 23:50:26 INFO     stage_of_proj : train
2022-04-29 23:50:26 INFO     ood_rat_1 : 0.2
2022-04-29 23:50:26 INFO     ood_rat_2 : 0.2
2022-04-29 23:50:26 INFO     embed_model : None
2022-04-29 23:50:26 INFO     
 ----------------------
2022-04-29 23:50:39 INFO     Running on cuda : False
2022-04-29 23:50:39 INFO     config  : 
 ----------------------
2022-04-29 23:50:39 INFO     dataset : complain_full
2022-04-29 23:50:39 INFO     data_dir : /jmain02/home/J2AD003/txk58/zxz22-txk58/extract_rationales/extract_rationales/datasets/complain_full/data/
2022-04-29 23:50:39 INFO     model_dir : /jmain02/home/J2AD003/txk58/zxz22-txk58/extract_rationales/extract_rationales/models/complain_full/
2022-04-29 23:50:39 INFO     seed : None
2022-04-29 23:50:39 INFO     evaluate_models : False
2022-04-29 23:50:39 INFO     inherently_faithful : None
2022-04-29 23:50:39 INFO     use_tasc : False
2022-04-29 23:50:39 INFO     importance_metric : None
2022-04-29 23:50:39 INFO     rationale_length : 0.2
2022-04-29 23:50:39 INFO     batch_size : 64
2022-04-29 23:50:39 INFO     lr_bert : 5e-06
2022-04-29 23:50:39 INFO     lr_classifier : 5e-06
2022-04-29 23:50:39 INFO     model : bert-base-uncased
2022-04-29 23:50:39 INFO     ood_dataset_1 : complain_ood1
2022-04-29 23:50:39 INFO     ood_dataset_2 : complain_ood2
2022-04-29 23:50:39 INFO     epochs : 4
2022-04-29 23:50:39 INFO     model_abbreviation : bert
2022-04-29 23:50:39 INFO     evaluation_dir : None
2022-04-29 23:50:39 INFO     extracted_rationale_dir : None
2022-04-29 23:50:39 INFO     query : False
2022-04-29 23:50:39 INFO     stage_of_proj : train
2022-04-29 23:50:39 INFO     ood_rat_1 : 0.2
2022-04-29 23:50:39 INFO     ood_rat_2 : 0.2
2022-04-29 23:50:39 INFO     embed_model : None
2022-04-29 23:50:39 INFO     
 ----------------------
