2022-05-08 22:38:23 INFO     
        complain ----
2022-05-08 22:38:23 INFO     
        InDomain
        mean -> 0.5744763542431028
        std ->  0.37977700990145674
        all ->  [0.04921732 0.86138645 0.88392451 0.90269365 0.17515984]
    
2022-05-08 22:38:24 INFO     
        ood1
        mean -> 0.6711386844655269
        std ->  0.37552992630478654
        all ->  [0.05349829 0.94440536 0.96064219 0.98461718 0.41253041]
    
2022-05-08 22:38:24 INFO     
        ood2
        mean -> 0.6833653204086264
        std ->  0.37064106829834725
        all ->  [0.05442595 0.95723304 0.95899169 0.98498496 0.46119097]
    
2022-05-08 22:38:38 INFO     
        complain ----
2022-05-08 22:38:38 INFO     
        full
        mean -> 0.3978357473540633
        std ->  0.35486173858197145
        all ->  [0.09225743 0.18967419 0.96271106 0.66597995 0.0785561 ]
    
2022-05-08 22:38:38 INFO     
        InDomain
        mean -> 0.5744763542431028
        std ->  0.37977700990145674
        all ->  [0.04921732 0.86138645 0.88392451 0.90269365 0.17515984]
    
2022-05-08 22:38:38 INFO     
        ood1
        mean -> 0.6711386844655269
        std ->  0.37552992630478654
        all ->  [0.05349829 0.94440536 0.96064219 0.98461718 0.41253041]
    
2022-05-08 22:38:38 INFO     
        ood2
        mean -> 0.6833653204086264
        std ->  0.37064106829834725
        all ->  [0.05442595 0.95723304 0.95899169 0.98498496 0.46119097]
    
