2022-05-17 20:55:49 INFO     
        agnews ----
2022-05-18 13:38:18 INFO     
        agnews ----
2022-05-18 13:38:19 INFO     
        full
        mean -> 0.210129592844776
        std ->  0.009972331174138566
        all ->  [0.2095873  0.19758563 0.22666778 0.20292081 0.21388644]
    
2022-05-18 13:38:20 INFO     
        InDomain
        mean -> 0.4343260074731704
        std ->  0.3099239785419392
        all ->  [0.19878188 0.20882636 0.99910069 0.22500779 0.53991332]
    
2022-05-18 13:38:20 INFO     
        ood1
        mean -> 0.454794648919851
        std ->  0.31782765937818186
        all ->  [0.17585051 0.19966244 0.99990101 0.26904638 0.6295129 ]
    
2022-05-18 13:38:21 INFO     
        ood2
        mean -> 0.4698910275520457
        std ->  0.31647925840514185
        all ->  [0.18671978 0.21618448 0.9994526  0.27889507 0.6682032 ]
    
2022-05-18 16:39:53 INFO     
        agnews ----
